Log file open, 07/16/19 03:33:38
LogWindows: Failed to load 'aqProf.dll' (GetLastError=126)
LogWindows: File 'aqProf.dll' does not exist
LogWindows: Failed to load 'VtuneApi.dll' (GetLastError=126)
LogWindows: File 'VtuneApi.dll' does not exist
LogWindows: Failed to load 'VtuneApi32e.dll' (GetLastError=126)
LogWindows: File 'VtuneApi32e.dll' does not exist
LogConsoleResponse: Display: Failed to find resolution value strings in scalability ini. Falling back to default.
LogInit: Display: Running engine for game: BuildingEscape02
LogPakFile: Registered encryption key '00000000000000000000000000000000': 0 pak files mounted, 0 remain pending
LogPlatformFile: Not using cached read wrapper
LogTaskGraph: Started task graph with 5 named threads and 23 total threads with 3 sets of task threads.
LogStats: Stats thread started at 0.285612
LogD3D11RHI: Loaded GFSDK_Aftermath_Lib.x64.dll
LogICUInternationalization: ICU TimeZone Detection - Raw Offset: +1:00, Platform Override: ''
LogPluginManager: Mounting plugin Paper2D
LogPluginManager: Mounting plugin AISupport
LogPluginManager: Mounting plugin LightPropagationVolume
LogPluginManager: Mounting plugin ActorLayerUtilities
LogPluginManager: Mounting plugin CLionSourceCodeAccess
LogPluginManager: Mounting plugin CodeLiteSourceCodeAccess
LogPluginManager: Mounting plugin GitSourceControl
LogPluginManager: Mounting plugin KDevelopSourceCodeAccess
LogPluginManager: Mounting plugin NullSourceCodeAccess
LogPluginManager: Mounting plugin PerforceSourceControl
LogPluginManager: Mounting plugin SubversionSourceControl
LogPluginManager: Mounting plugin UObjectPlugin
LogPluginManager: Mounting plugin VisualStudioCodeSourceCodeAccess
LogPluginManager: Mounting plugin VisualStudioSourceCodeAccess
LogPluginManager: Mounting plugin XCodeSourceCodeAccess
LogPluginManager: Mounting plugin AssetManagerEditor
LogPluginManager: Mounting plugin CryptoKeys
LogPluginManager: Mounting plugin DataValidation
LogPluginManager: Mounting plugin FacialAnimation
LogPluginManager: Mounting plugin GameplayTagsEditor
LogPluginManager: Mounting plugin MacGraphicsSwitching
LogPluginManager: Mounting plugin MeshEditor
LogPluginManager: Mounting plugin MobileLauncherProfileWizard
LogPluginManager: Mounting plugin PluginBrowser
LogPluginManager: Mounting plugin SpeedTreeImporter
LogPluginManager: Mounting plugin DatasmithContent
LogPluginManager: Mounting plugin VariantManagerContent
LogPluginManager: Mounting plugin AlembicImporter
LogPluginManager: Mounting plugin AppleImageUtils
LogPluginManager: Mounting plugin AppleVision
LogPluginManager: Mounting plugin BackChannel
LogPluginManager: Mounting plugin CharacterAI
LogPluginManager: Mounting plugin GeometryCache
LogPluginManager: Mounting plugin HTML5Networking
LogPluginManager: Mounting plugin ProxyLODPlugin
LogPluginManager: Mounting plugin MagicLeap
LogPluginManager: Mounting plugin MagicLeapMedia
LogPluginManager: Mounting plugin AndroidMedia
LogPluginManager: Mounting plugin AvfMedia
LogPluginManager: Mounting plugin ImgMedia
LogPluginManager: Mounting plugin LinearTimecode
LogPluginManager: Mounting plugin MediaCompositing
LogPluginManager: Mounting plugin MediaPlayerEditor
LogPluginManager: Mounting plugin WebMMedia
LogPluginManager: Mounting plugin WmfMedia
LogPluginManager: Mounting plugin TcpMessaging
LogPluginManager: Mounting plugin UdpMessaging
LogPluginManager: Mounting plugin ActorSequence
LogPluginManager: Mounting plugin LevelSequenceEditor
LogPluginManager: Mounting plugin MatineeToLevelSequence
LogPluginManager: Mounting plugin NetcodeUnitTest
LogPluginManager: Mounting plugin NUTUnrealEngine4
LogPluginManager: Mounting plugin OnlineSubsystemGooglePlay
LogPluginManager: Mounting plugin OnlineSubsystemIOS
LogPluginManager: Mounting plugin OnlineSubsystem
LogPluginManager: Mounting plugin OnlineSubsystemNull
LogPluginManager: Mounting plugin OnlineSubsystemUtils
LogPluginManager: Mounting plugin LauncherChunkInstaller
LogPluginManager: Mounting plugin AndroidDeviceProfileSelector
LogPluginManager: Mounting plugin AndroidMoviePlayer
LogPluginManager: Mounting plugin AndroidPermission
LogPluginManager: Mounting plugin AppleMoviePlayer
LogPluginManager: Mounting plugin ArchVisCharacter
LogPluginManager: Mounting plugin AudioCapture
LogPluginManager: Mounting plugin CableComponent
LogPluginManager: Mounting plugin CustomMeshComponent
LogPluginManager: Mounting plugin EditableMesh
LogPluginManager: Mounting plugin ExampleDeviceProfileSelector
LogPluginManager: Mounting plugin Firebase
LogPluginManager: Mounting plugin GoogleCloudMessaging
LogPluginManager: Mounting plugin IOSDeviceProfileSelector
LogPluginManager: Mounting plugin LinuxDeviceProfileSelector
LogPluginManager: Mounting plugin LocationServicesBPLibrary
LogPluginManager: Mounting plugin MobilePatchingUtils
LogPluginManager: Mounting plugin OculusVR
LogPluginManager: Mounting plugin PhysXVehicles
LogPluginManager: Mounting plugin ProceduralMeshComponent
LogPluginManager: Mounting plugin RuntimePhysXCooking
LogPluginManager: Mounting plugin SteamVR
LogPluginManager: Mounting plugin WebMMoviePlayer
LogPluginManager: Mounting plugin WindowsMoviePlayer
LogStreaming: Display: Took  0.179s to configure plugins.
LogInit: Using libcurl 7.55.1-DEV
LogInit:  - built for x86_64-pc-win32
LogInit:  - supports SSL with OpenSSL/1.0.2h
LogInit:  - supports HTTP deflate (compression) using libz 1.2.8
LogInit:  - other features:
LogInit:      CURL_VERSION_SSL
LogInit:      CURL_VERSION_LIBZ
LogInit:      CURL_VERSION_IPV6
LogInit:      CURL_VERSION_ASYNCHDNS
LogInit:      CURL_VERSION_LARGEFILE
LogInit:      CURL_VERSION_IDN
LogInit:  CurlRequestOptions (configurable via config and command line):
LogInit:  - bVerifyPeer = true  - Libcurl will verify peer certificate
LogInit:  - bUseHttpProxy = false  - Libcurl will NOT use HTTP proxy
LogInit:  - bDontReuseConnections = false  - Libcurl will reuse connections
LogInit:  - MaxHostConnections = 16  - Libcurl will limit the number of connections to a host
LogInit:  - LocalHostAddr = Default
LogInit:  - BufferSize = 65536
LogInit: WinSock: version 1.1 (2.2), MaxSocks=32767, MaxUdp=65467
LogInit: Build: ++UE4+Release-4.21-CL-4541578
LogInit: Engine Version: 4.21.0-4541578+++UE4+Release-4.21
LogInit: Compatible Engine Version: 4.21.0-4541578+++UE4+Release-4.21
LogInit: Net CL: 4541578
LogInit: OS: Windows 10 (), CPU: Intel(R) Core(TM) i7-7700HQ CPU @ 2.80GHz, GPU: NVIDIA GeForce GTX 1060
LogInit: Compiled (64-bit): Nov  6 2018 02:04:24
LogInit: Compiled with Visual C++: 19.13.26129.00
LogInit: Build Configuration: Development
LogInit: Branch Name: ++UE4+Release-4.21
LogInit: Command Line: 
LogInit: Base Directory: C:/Program Files/Epic Games/UE_4.21/Engine/Binaries/Win64/
LogInit: Installed Engine Build: 1
LogDevObjectVersion: Number of dev versions registered: 22
LogDevObjectVersion:   Dev-Blueprints (B0D832E4-1F89-4F0D-ACCF-7EB736FD4AA2): 10
LogDevObjectVersion:   Dev-Build (E1C64328-A22C-4D53-A36C-8E866417BD8C): 0
LogDevObjectVersion:   Dev-Core (375EC13C-06E4-48FB-B500-84F0262A717E): 2
LogDevObjectVersion:   Dev-Editor (E4B068ED-F494-42E9-A231-DA0B2E46BB41): 26
LogDevObjectVersion:   Dev-Framework (CFFC743F-43B0-4480-9391-14DF171D2073): 34
LogDevObjectVersion:   Dev-Mobile (B02B49B5-BB20-44E9-A304-32B752E40360): 2
LogDevObjectVersion:   Dev-Networking (A4E4105C-59A1-49B5-A7C5-40C4547EDFEE): 0
LogDevObjectVersion:   Dev-Online (39C831C9-5AE6-47DC-9A44-9C173E1C8E7C): 0
LogDevObjectVersion:   Dev-Physics (78F01B33-EBEA-4F98-B9B4-84EACCB95AA2): 0
LogDevObjectVersion:   Dev-Platform (6631380F-2D4D-43E0-8009-CF276956A95A): 0
LogDevObjectVersion:   Dev-Rendering (12F88B9F-8875-4AFC-A67C-D90C383ABD29): 27
LogDevObjectVersion:   Dev-Sequencer (7B5AE74C-D270-4C10-A958-57980B212A5A): 9
LogDevObjectVersion:   Dev-VR (D7296918-1DD6-4BDD-9DE2-64A83CC13884): 2
LogDevObjectVersion:   Dev-LoadTimes (C2A15278-BFE7-4AFE-6C17-90FF531DF755): 1
LogDevObjectVersion:   Private-Geometry (6EACA3D4-40EC-4CC1-B786-8BED09428FC5): 3
LogDevObjectVersion:   Dev-AnimPhys (29E575DD-E0A3-4627-9D10-D276232CDCEA): 17
LogDevObjectVersion:   Dev-Anim (AF43A65D-7FD3-4947-9873-3E8ED9C1BB05): 2
LogDevObjectVersion:   Dev-ReflectionCapture (6B266CEC-1EC7-4B8F-A30B-E4D90942FC07): 1
LogDevObjectVersion:   Dev-Automation (0DF73D61-A23F-47EA-B727-89E90C41499A): 1
LogDevObjectVersion:   FortniteMain (601D1886-AC64-4F84-AA16-D3DE0DEAC7D6): 17
LogDevObjectVersion:   Dev-Enterprise (9DFFBCD6-494F-0158-E221-12823C92A888): 4
LogDevObjectVersion:   Dev-Niagara (F2AED0AC-9AFE-416F-8664-AA7FFA26D6FC): 1
LogStreaming: Display: Took  0.000s to delete old logs.
LogInit: Presizing for max 8388607 objects, including 0 objects not considered by GC, pre-allocating 0 bytes for permanent pool.
LogInit: Object subsystem initialized
LogConfig: Setting CVar [[con.DebugEarlyDefault:1]]
LogConfig: Setting CVar [[r.setres:1280x720]]
[2019.07.16-01.33.38:923][  0]LogConfig: Setting CVar [[r.VSync:0]]
[2019.07.16-01.33.38:923][  0]LogConfig: Setting CVar [[r.RHICmdBypass:0]]
[2019.07.16-01.33.38:923][  0]LogConfig: Applying CVar settings from Section [/Script/Engine.RendererSettings] File [C:/Users/Leaf/Documents/repos/BuildingEscape/BuildingEscape02/Saved/Config/Windows/Engine.ini]
[2019.07.16-01.33.38:923][  0]LogConfig: Setting CVar [[r.GPUCrashDebugging:0]]
[2019.07.16-01.33.38:923][  0]LogConfig: Applying CVar settings from Section [/Script/Engine.RendererOverrideSettings] File [C:/Users/Leaf/Documents/repos/BuildingEscape/BuildingEscape02/Saved/Config/Windows/Engine.ini]
[2019.07.16-01.33.38:923][  0]LogConfig: Applying CVar settings from Section [/Script/Engine.StreamingSettings] File [C:/Users/Leaf/Documents/repos/BuildingEscape/BuildingEscape02/Saved/Config/Windows/Engine.ini]
[2019.07.16-01.33.38:923][  0]LogConfig: Setting CVar [[s.MinBulkDataSizeForAsyncLoading:131072]]
[2019.07.16-01.33.38:923][  0]LogConfig: Setting CVar [[s.AsyncLoadingThreadEnabled:0]]
[2019.07.16-01.33.38:923][  0]LogConfig: Setting CVar [[s.EventDrivenLoaderEnabled:1]]
[2019.07.16-01.33.38:923][  0]LogConfig: Setting CVar [[s.WarnIfTimeLimitExceeded:0]]
[2019.07.16-01.33.38:923][  0]LogConfig: Setting CVar [[s.TimeLimitExceededMultiplier:1.5]]
[2019.07.16-01.33.38:923][  0]LogConfig: Setting CVar [[s.TimeLimitExceededMinTime:0.005]]
[2019.07.16-01.33.38:923][  0]LogConfig: Setting CVar [[s.UseBackgroundLevelStreaming:1]]
[2019.07.16-01.33.38:923][  0]LogConfig: Setting CVar [[s.PriorityAsyncLoadingExtraTime:15.0]]
[2019.07.16-01.33.38:923][  0]LogConfig: Setting CVar [[s.LevelStreamingActorsUpdateTimeLimit:5.0]]
[2019.07.16-01.33.38:923][  0]LogConfig: Setting CVar [[s.PriorityLevelStreamingActorsUpdateExtraTime:5.0]]
[2019.07.16-01.33.38:923][  0]LogConfig: Setting CVar [[s.LevelStreamingComponentsRegistrationGranularity:10]]
[2019.07.16-01.33.38:923][  0]LogConfig: Setting CVar [[s.UnregisterComponentsTimeLimit:1.0]]
[2019.07.16-01.33.38:923][  0]LogConfig: Setting CVar [[s.LevelStreamingComponentsUnregistrationGranularity:5]]
[2019.07.16-01.33.38:923][  0]LogConfig: Applying CVar settings from Section [/Script/Engine.GarbageCollectionSettings] File [C:/Users/Leaf/Documents/repos/BuildingEscape/BuildingEscape02/Saved/Config/Windows/Engine.ini]
[2019.07.16-01.33.38:923][  0]LogConfig: Setting CVar [[gc.MaxObjectsNotConsideredByGC:1]]
[2019.07.16-01.33.38:923][  0]LogConfig: Setting CVar [[gc.SizeOfPermanentObjectPool:0]]
[2019.07.16-01.33.38:923][  0]LogConfig: Setting CVar [[gc.FlushStreamingOnGC:0]]
[2019.07.16-01.33.38:923][  0]LogConfig: Setting CVar [[gc.NumRetriesBeforeForcingGC:10]]
[2019.07.16-01.33.38:923][  0]LogConfig: Setting CVar [[gc.AllowParallelGC:1]]
[2019.07.16-01.33.38:923][  0]LogConfig: Setting CVar [[gc.TimeBetweenPurgingPendingKillObjects:61.1]]
[2019.07.16-01.33.38:923][  0]LogConfig: Setting CVar [[gc.MaxObjectsInEditor:8388607]]
[2019.07.16-01.33.38:923][  0]LogConfig: Setting CVar [[gc.IncrementalBeginDestroyEnabled:1]]
[2019.07.16-01.33.38:923][  0]LogConfig: Setting CVar [[gc.CreateGCClusters:1]]
[2019.07.16-01.33.38:923][  0]LogConfig: Setting CVar [[gc.MergeGCClusters:0]]
[2019.07.16-01.33.38:923][  0]LogConfig: Setting CVar [[gc.MinGCClusterSize:5]]
[2019.07.16-01.33.38:923][  0]LogConfig: Setting CVar [[gc.ActorClusteringEnabled:0]]
[2019.07.16-01.33.38:923][  0]LogConfig: Setting CVar [[gc.BlueprintClusteringEnabled:0]]
[2019.07.16-01.33.38:923][  0]LogConfig: Setting CVar [[gc.UseDisregardForGCOnDedicatedServers:0]]
[2019.07.16-01.33.38:923][  0]LogConfig: Applying CVar settings from Section [/Script/Engine.NetworkSettings] File [C:/Users/Leaf/Documents/repos/BuildingEscape/BuildingEscape02/Saved/Config/Windows/Engine.ini]
[2019.07.16-01.33.38:923][  0]LogConfig: Applying CVar settings from Section [/Script/UnrealEd.CookerSettings] File [C:/Users/Leaf/Documents/repos/BuildingEscape/BuildingEscape02/Saved/Config/Windows/Engine.ini]
[2019.07.16-01.33.38:925][  0]LogConfig: Applying CVar settings from Section [ViewDistanceQuality@3] File [C:/Users/Leaf/Documents/repos/BuildingEscape/BuildingEscape02/Saved/Config/Windows/Scalability.ini]
[2019.07.16-01.33.38:925][  0]LogConfig: Setting CVar [[r.SkeletalMeshLODBias:0]]
[2019.07.16-01.33.38:925][  0]LogConfig: Setting CVar [[r.ViewDistanceScale:1.0]]
[2019.07.16-01.33.38:925][  0]LogConfig: Applying CVar settings from Section [AntiAliasingQuality@3] File [C:/Users/Leaf/Documents/repos/BuildingEscape/BuildingEscape02/Saved/Config/Windows/Scalability.ini]
[2019.07.16-01.33.38:925][  0]LogConfig: Setting CVar [[r.PostProcessAAQuality:4]]
[2019.07.16-01.33.38:925][  0]LogConfig: Applying CVar settings from Section [ShadowQuality@3] File [C:/Users/Leaf/Documents/repos/BuildingEscape/BuildingEscape02/Saved/Config/Windows/Scalability.ini]
[2019.07.16-01.33.38:925][  0]LogConfig: Setting CVar [[r.LightFunctionQuality:1]]
[2019.07.16-01.33.38:925][  0]LogConfig: Setting CVar [[r.ShadowQuality:5]]
[2019.07.16-01.33.38:925][  0]LogConfig: Setting CVar [[r.Shadow.CSM.MaxCascades:10]]
[2019.07.16-01.33.38:925][  0]LogConfig: Setting CVar [[r.Shadow.MaxResolution:2048]]
[2019.07.16-01.33.38:925][  0]LogConfig: Setting CVar [[r.Shadow.MaxCSMResolution:2048]]
[2019.07.16-01.33.38:925][  0]LogConfig: Setting CVar [[r.Shadow.RadiusThreshold:0.01]]
[2019.07.16-01.33.38:925][  0]LogConfig: Setting CVar [[r.Shadow.DistanceScale:1.0]]
[2019.07.16-01.33.38:925][  0]LogConfig: Setting CVar [[r.Shadow.CSM.TransitionScale:1.0]]
[2019.07.16-01.33.38:925][  0]LogConfig: Setting CVar [[r.Shadow.PreShadowResolutionFactor:1.0]]
[2019.07.16-01.33.38:925][  0]LogConfig: Setting CVar [[r.DistanceFieldShadowing:1]]
[2019.07.16-01.33.38:925][  0]LogConfig: Setting CVar [[r.DistanceFieldAO:1]]
[2019.07.16-01.33.38:925][  0]LogConfig: Setting CVar [[r.AOQuality:2]]
[2019.07.16-01.33.38:925][  0]LogConfig: Setting CVar [[r.VolumetricFog:1]]
[2019.07.16-01.33.38:925][  0]LogConfig: Setting CVar [[r.VolumetricFog.GridPixelSize:8]]
[2019.07.16-01.33.38:925][  0]LogConfig: Setting CVar [[r.VolumetricFog.GridSizeZ:128]]
[2019.07.16-01.33.38:925][  0]LogConfig: Setting CVar [[r.VolumetricFog.HistoryMissSupersampleCount:4]]
[2019.07.16-01.33.38:925][  0]LogConfig: Setting CVar [[r.LightMaxDrawDistanceScale:1]]
[2019.07.16-01.33.38:925][  0]LogConfig: Setting CVar [[r.CapsuleShadows:1]]
[2019.07.16-01.33.38:925][  0]LogConfig: Applying CVar settings from Section [PostProcessQuality@3] File [C:/Users/Leaf/Documents/repos/BuildingEscape/BuildingEscape02/Saved/Config/Windows/Scalability.ini]
[2019.07.16-01.33.38:925][  0]LogConfig: Setting CVar [[r.MotionBlurQuality:4]]
[2019.07.16-01.33.38:925][  0]LogConfig: Setting CVar [[r.AmbientOcclusionMipLevelFactor:0.4]]
[2019.07.16-01.33.38:925][  0]LogConfig: Setting CVar [[r.AmbientOcclusionMaxQuality:100]]
[2019.07.16-01.33.38:925][  0]LogConfig: Setting CVar [[r.AmbientOcclusionLevels:-1]]
[2019.07.16-01.33.38:925][  0]LogConfig: Setting CVar [[r.AmbientOcclusionRadiusScale:1.0]]
[2019.07.16-01.33.38:925][  0]LogConfig: Setting CVar [[r.DepthOfFieldQuality:2]]
[2019.07.16-01.33.38:925][  0]LogConfig: Setting CVar [[r.RenderTargetPoolMin:400]]
[2019.07.16-01.33.38:925][  0]LogConfig: Setting CVar [[r.LensFlareQuality:2]]
[2019.07.16-01.33.38:925][  0]LogConfig: Setting CVar [[r.SceneColorFringeQuality:1]]
[2019.07.16-01.33.38:925][  0]LogConfig: Setting CVar [[r.EyeAdaptationQuality:2]]
[2019.07.16-01.33.38:925][  0]LogConfig: Setting CVar [[r.BloomQuality:5]]
[2019.07.16-01.33.38:925][  0]LogConfig: Setting CVar [[r.FastBlurThreshold:100]]
[2019.07.16-01.33.38:925][  0]LogConfig: Setting CVar [[r.Upscale.Quality:3]]
[2019.07.16-01.33.38:925][  0]LogConfig: Setting CVar [[r.Tonemapper.GrainQuantization:1]]
[2019.07.16-01.33.38:925][  0]LogConfig: Setting CVar [[r.LightShaftQuality:1]]
[2019.07.16-01.33.38:925][  0]LogConfig: Setting CVar [[r.Filter.SizeScale:1]]
[2019.07.16-01.33.38:925][  0]LogConfig: Setting CVar [[r.Tonemapper.Quality:5]]
[2019.07.16-01.33.38:925][  0]LogConfig: Setting CVar [[r.DOF.Gather.AccumulatorQuality:1        ; higher gathering accumulator quality]]
[2019.07.16-01.33.38:925][  0]LogConfig: Setting CVar [[r.DOF.Gather.PostfilterMethod:1          ; Median3x3 postfilering method]]
[2019.07.16-01.33.38:925][  0]LogConfig: Setting CVar [[r.DOF.Gather.EnableBokehSettings:0       ; no bokeh simulation when gathering]]
[2019.07.16-01.33.38:925][  0]LogConfig: Setting CVar [[r.DOF.Gather.RingCount:4                 ; medium number of samples when gathering]]
[2019.07.16-01.33.38:925][  0]LogConfig: Setting CVar [[r.DOF.Scatter.ForegroundCompositing:1    ; additive foreground scattering]]
[2019.07.16-01.33.38:925][  0]LogConfig: Setting CVar [[r.DOF.Scatter.BackgroundCompositing:2    ; additive background scattering]]
[2019.07.16-01.33.38:925][  0]LogConfig: Setting CVar [[r.DOF.Scatter.EnableBokehSettings:1      ; bokeh simulation when scattering]]
[2019.07.16-01.33.38:925][  0]LogConfig: Setting CVar [[r.DOF.Scatter.MaxSpriteRatio:0.1         ; only a maximum of 10% of scattered bokeh]]
[2019.07.16-01.33.38:925][  0]LogConfig: Setting CVar [[r.DOF.Recombine.Quality:1                ; cheap slight out of focus]]
[2019.07.16-01.33.38:925][  0]LogConfig: Setting CVar [[r.DOF.Recombine.EnableBokehSettings:0    ; no bokeh simulation on slight out of focus]]
[2019.07.16-01.33.38:925][  0]LogConfig: Setting CVar [[r.DOF.TemporalAAQuality:1                ; more stable temporal accumulation]]
[2019.07.16-01.33.38:925][  0]LogConfig: Setting CVar [[r.DOF.Kernel.MaxForegroundRadius:0.025]]
[2019.07.16-01.33.38:925][  0]LogConfig: Setting CVar [[r.DOF.Kernel.MaxBackgroundRadius:0.025]]
[2019.07.16-01.33.38:925][  0]LogConfig: Applying CVar settings from Section [TextureQuality@3] File [C:/Users/Leaf/Documents/repos/BuildingEscape/BuildingEscape02/Saved/Config/Windows/Scalability.ini]
[2019.07.16-01.33.38:925][  0]LogConfig: Setting CVar [[r.Streaming.MipBias:0]]
[2019.07.16-01.33.38:925][  0]LogConfig: Setting CVar [[r.Streaming.AmortizeCPUToGPUCopy:0]]
[2019.07.16-01.33.38:925][  0]LogConfig: Setting CVar [[r.Streaming.MaxNumTexturesToStreamPerFrame:0]]
[2019.07.16-01.33.38:925][  0]LogConfig: Setting CVar [[r.Streaming.Boost:1]]
[2019.07.16-01.33.38:925][  0]LogConfig: Setting CVar [[r.MaxAnisotropy:8]]
[2019.07.16-01.33.38:925][  0]LogConfig: Setting CVar [[r.Streaming.LimitPoolSizeToVRAM:0]]
[2019.07.16-01.33.38:925][  0]LogConfig: Setting CVar [[r.Streaming.PoolSize:1000]]
[2019.07.16-01.33.38:925][  0]LogConfig: Setting CVar [[r.Streaming.MaxEffectiveScreenSize:0]]
[2019.07.16-01.33.38:925][  0]LogConfig: Applying CVar settings from Section [EffectsQuality@3] File [C:/Users/Leaf/Documents/repos/BuildingEscape/BuildingEscape02/Saved/Config/Windows/Scalability.ini]
[2019.07.16-01.33.38:925][  0]LogConfig: Setting CVar [[r.TranslucencyLightingVolumeDim:64]]
[2019.07.16-01.33.38:925][  0]LogConfig: Setting CVar [[r.RefractionQuality:2]]
[2019.07.16-01.33.38:925][  0]LogConfig: Setting CVar [[r.SSR.Quality:3]]
[2019.07.16-01.33.38:925][  0]LogConfig: Setting CVar [[r.SceneColorFormat:4]]
[2019.07.16-01.33.38:926][  0]LogConfig: Setting CVar [[r.DetailMode:2]]
[2019.07.16-01.33.38:926][  0]LogConfig: Setting CVar [[r.TranslucencyVolumeBlur:1]]
[2019.07.16-01.33.38:926][  0]LogConfig: Setting CVar [[r.MaterialQualityLevel:1 ; High quality]]
[2019.07.16-01.33.38:926][  0]LogConfig: Setting CVar [[r.SSS.Scale:1]]
[2019.07.16-01.33.38:926][  0]LogConfig: Setting CVar [[r.SSS.SampleSet:2]]
[2019.07.16-01.33.38:926][  0]LogConfig: Setting CVar [[r.SSS.Quality:1]]
[2019.07.16-01.33.38:926][  0]LogConfig: Setting CVar [[r.SSS.HalfRes:1]]
[2019.07.16-01.33.38:926][  0]LogConfig: Setting CVar [[r.EmitterSpawnRateScale:1.0]]
[2019.07.16-01.33.38:926][  0]LogConfig: Setting CVar [[r.ParticleLightQuality:2]]
[2019.07.16-01.33.38:926][  0]LogConfig: Applying CVar settings from Section [FoliageQuality@3] File [C:/Users/Leaf/Documents/repos/BuildingEscape/BuildingEscape02/Saved/Config/Windows/Scalability.ini]
[2019.07.16-01.33.38:926][  0]LogConfig: Setting CVar [[foliage.DensityScale:1.0]]
[2019.07.16-01.33.38:926][  0]LogConfig: Setting CVar [[grass.DensityScale:1.0]]
[2019.07.16-01.33.38:926][  0]LogInit: Selected Device Profile: [Windows]
[2019.07.16-01.33.38:926][  0]LogInit: Applying CVar settings loaded from the selected device profile: [Windows]
[2019.07.16-01.33.38:943][  0]LogHAL: Display: Platform has ~ 16 GB [17130545152 / 17179869184 / 16], which maps to Larger [LargestMinGB=32, LargerMinGB=12, DefaultMinGB=8, SmallerMinGB=6, SmallestMinGB=0)
[2019.07.16-01.33.38:943][  0]LogConfig: Setting CVar [[r.Vulkan.UseRealUBs:1]]
[2019.07.16-01.33.38:943][  0]LogInit: Going up to parent DeviceProfile []
[2019.07.16-01.33.38:943][  0]LogConfig: Applying CVar settings from Section [ViewDistanceQuality@3] File [C:/Users/Leaf/Documents/repos/BuildingEscape/BuildingEscape02/Saved/Config/Windows/Scalability.ini]
[2019.07.16-01.33.38:943][  0]LogConfig: Setting CVar [[r.SkeletalMeshLODBias:0]]
[2019.07.16-01.33.38:943][  0]LogConfig: Setting CVar [[r.ViewDistanceScale:1.0]]
[2019.07.16-01.33.38:943][  0]LogConfig: Applying CVar settings from Section [AntiAliasingQuality@3] File [C:/Users/Leaf/Documents/repos/BuildingEscape/BuildingEscape02/Saved/Config/Windows/Scalability.ini]
[2019.07.16-01.33.38:943][  0]LogConfig: Setting CVar [[r.PostProcessAAQuality:4]]
[2019.07.16-01.33.38:943][  0]LogConfig: Applying CVar settings from Section [ShadowQuality@3] File [C:/Users/Leaf/Documents/repos/BuildingEscape/BuildingEscape02/Saved/Config/Windows/Scalability.ini]
[2019.07.16-01.33.38:943][  0]LogConfig: Setting CVar [[r.LightFunctionQuality:1]]
[2019.07.16-01.33.38:943][  0]LogConfig: Setting CVar [[r.ShadowQuality:5]]
[2019.07.16-01.33.38:943][  0]LogConfig: Setting CVar [[r.Shadow.CSM.MaxCascades:10]]
[2019.07.16-01.33.38:943][  0]LogConfig: Setting CVar [[r.Shadow.MaxResolution:2048]]
[2019.07.16-01.33.38:943][  0]LogConfig: Setting CVar [[r.Shadow.MaxCSMResolution:2048]]
[2019.07.16-01.33.38:943][  0]LogConfig: Setting CVar [[r.Shadow.RadiusThreshold:0.01]]
[2019.07.16-01.33.38:943][  0]LogConfig: Setting CVar [[r.Shadow.DistanceScale:1.0]]
[2019.07.16-01.33.38:943][  0]LogConfig: Setting CVar [[r.Shadow.CSM.TransitionScale:1.0]]
[2019.07.16-01.33.38:943][  0]LogConfig: Setting CVar [[r.Shadow.PreShadowResolutionFactor:1.0]]
[2019.07.16-01.33.38:943][  0]LogConfig: Setting CVar [[r.DistanceFieldShadowing:1]]
[2019.07.16-01.33.38:943][  0]LogConfig: Setting CVar [[r.DistanceFieldAO:1]]
[2019.07.16-01.33.38:943][  0]LogConfig: Setting CVar [[r.AOQuality:2]]
[2019.07.16-01.33.38:943][  0]LogConfig: Setting CVar [[r.VolumetricFog:1]]
[2019.07.16-01.33.38:943][  0]LogConfig: Setting CVar [[r.VolumetricFog.GridPixelSize:8]]
[2019.07.16-01.33.38:943][  0]LogConfig: Setting CVar [[r.VolumetricFog.GridSizeZ:128]]
[2019.07.16-01.33.38:943][  0]LogConfig: Setting CVar [[r.VolumetricFog.HistoryMissSupersampleCount:4]]
[2019.07.16-01.33.38:943][  0]LogConfig: Setting CVar [[r.LightMaxDrawDistanceScale:1]]
[2019.07.16-01.33.38:943][  0]LogConfig: Setting CVar [[r.CapsuleShadows:1]]
[2019.07.16-01.33.38:943][  0]LogConfig: Applying CVar settings from Section [PostProcessQuality@3] File [C:/Users/Leaf/Documents/repos/BuildingEscape/BuildingEscape02/Saved/Config/Windows/Scalability.ini]
[2019.07.16-01.33.38:943][  0]LogConfig: Setting CVar [[r.MotionBlurQuality:4]]
[2019.07.16-01.33.38:943][  0]LogConfig: Setting CVar [[r.AmbientOcclusionMipLevelFactor:0.4]]
[2019.07.16-01.33.38:943][  0]LogConfig: Setting CVar [[r.AmbientOcclusionMaxQuality:100]]
[2019.07.16-01.33.38:943][  0]LogConfig: Setting CVar [[r.AmbientOcclusionLevels:-1]]
[2019.07.16-01.33.38:943][  0]LogConfig: Setting CVar [[r.AmbientOcclusionRadiusScale:1.0]]
[2019.07.16-01.33.38:943][  0]LogConfig: Setting CVar [[r.DepthOfFieldQuality:2]]
[2019.07.16-01.33.38:943][  0]LogConfig: Setting CVar [[r.RenderTargetPoolMin:400]]
[2019.07.16-01.33.38:943][  0]LogConfig: Setting CVar [[r.LensFlareQuality:2]]
[2019.07.16-01.33.38:943][  0]LogConfig: Setting CVar [[r.SceneColorFringeQuality:1]]
[2019.07.16-01.33.38:943][  0]LogConfig: Setting CVar [[r.EyeAdaptationQuality:2]]
[2019.07.16-01.33.38:943][  0]LogConfig: Setting CVar [[r.BloomQuality:5]]
[2019.07.16-01.33.38:943][  0]LogConfig: Setting CVar [[r.FastBlurThreshold:100]]
[2019.07.16-01.33.38:943][  0]LogConfig: Setting CVar [[r.Upscale.Quality:3]]
[2019.07.16-01.33.38:943][  0]LogConfig: Setting CVar [[r.Tonemapper.GrainQuantization:1]]
[2019.07.16-01.33.38:943][  0]LogConfig: Setting CVar [[r.LightShaftQuality:1]]
[2019.07.16-01.33.38:943][  0]LogConfig: Setting CVar [[r.Filter.SizeScale:1]]
[2019.07.16-01.33.38:943][  0]LogConfig: Setting CVar [[r.Tonemapper.Quality:5]]
[2019.07.16-01.33.38:943][  0]LogConfig: Setting CVar [[r.DOF.Gather.AccumulatorQuality:1        ; higher gathering accumulator quality]]
[2019.07.16-01.33.38:943][  0]LogConfig: Setting CVar [[r.DOF.Gather.PostfilterMethod:1          ; Median3x3 postfilering method]]
[2019.07.16-01.33.38:943][  0]LogConfig: Setting CVar [[r.DOF.Gather.EnableBokehSettings:0       ; no bokeh simulation when gathering]]
[2019.07.16-01.33.38:943][  0]LogConfig: Setting CVar [[r.DOF.Gather.RingCount:4                 ; medium number of samples when gathering]]
[2019.07.16-01.33.38:943][  0]LogConfig: Setting CVar [[r.DOF.Scatter.ForegroundCompositing:1    ; additive foreground scattering]]
[2019.07.16-01.33.38:943][  0]LogConfig: Setting CVar [[r.DOF.Scatter.BackgroundCompositing:2    ; additive background scattering]]
[2019.07.16-01.33.38:943][  0]LogConfig: Setting CVar [[r.DOF.Scatter.EnableBokehSettings:1      ; bokeh simulation when scattering]]
[2019.07.16-01.33.38:943][  0]LogConfig: Setting CVar [[r.DOF.Scatter.MaxSpriteRatio:0.1         ; only a maximum of 10% of scattered bokeh]]
[2019.07.16-01.33.38:943][  0]LogConfig: Setting CVar [[r.DOF.Recombine.Quality:1                ; cheap slight out of focus]]
[2019.07.16-01.33.38:943][  0]LogConfig: Setting CVar [[r.DOF.Recombine.EnableBokehSettings:0    ; no bokeh simulation on slight out of focus]]
[2019.07.16-01.33.38:943][  0]LogConfig: Setting CVar [[r.DOF.TemporalAAQuality:1                ; more stable temporal accumulation]]
[2019.07.16-01.33.38:943][  0]LogConfig: Setting CVar [[r.DOF.Kernel.MaxForegroundRadius:0.025]]
[2019.07.16-01.33.38:943][  0]LogConfig: Setting CVar [[r.DOF.Kernel.MaxBackgroundRadius:0.025]]
[2019.07.16-01.33.38:943][  0]LogConfig: Applying CVar settings from Section [TextureQuality@3] File [C:/Users/Leaf/Documents/repos/BuildingEscape/BuildingEscape02/Saved/Config/Windows/Scalability.ini]
[2019.07.16-01.33.38:943][  0]LogConfig: Setting CVar [[r.Streaming.MipBias:0]]
[2019.07.16-01.33.38:943][  0]LogConfig: Setting CVar [[r.Streaming.AmortizeCPUToGPUCopy:0]]
[2019.07.16-01.33.38:943][  0]LogConfig: Setting CVar [[r.Streaming.MaxNumTexturesToStreamPerFrame:0]]
[2019.07.16-01.33.38:943][  0]LogConfig: Setting CVar [[r.Streaming.Boost:1]]
[2019.07.16-01.33.38:943][  0]LogConfig: Setting CVar [[r.MaxAnisotropy:8]]
[2019.07.16-01.33.38:943][  0]LogConfig: Setting CVar [[r.Streaming.LimitPoolSizeToVRAM:0]]
[2019.07.16-01.33.38:943][  0]LogConfig: Setting CVar [[r.Streaming.PoolSize:1000]]
[2019.07.16-01.33.38:943][  0]LogConfig: Setting CVar [[r.Streaming.MaxEffectiveScreenSize:0]]
[2019.07.16-01.33.38:943][  0]LogConfig: Applying CVar settings from Section [EffectsQuality@3] File [C:/Users/Leaf/Documents/repos/BuildingEscape/BuildingEscape02/Saved/Config/Windows/Scalability.ini]
[2019.07.16-01.33.38:943][  0]LogConfig: Setting CVar [[r.TranslucencyLightingVolumeDim:64]]
[2019.07.16-01.33.38:943][  0]LogConfig: Setting CVar [[r.RefractionQuality:2]]
[2019.07.16-01.33.38:943][  0]LogConfig: Setting CVar [[r.SSR.Quality:3]]
[2019.07.16-01.33.38:943][  0]LogConfig: Setting CVar [[r.SceneColorFormat:4]]
[2019.07.16-01.33.38:943][  0]LogConfig: Setting CVar [[r.DetailMode:2]]
[2019.07.16-01.33.38:943][  0]LogConfig: Setting CVar [[r.TranslucencyVolumeBlur:1]]
[2019.07.16-01.33.38:943][  0]LogConfig: Setting CVar [[r.MaterialQualityLevel:1 ; High quality]]
[2019.07.16-01.33.38:943][  0]LogConfig: Setting CVar [[r.SSS.Scale:1]]
[2019.07.16-01.33.38:944][  0]LogConfig: Setting CVar [[r.SSS.SampleSet:2]]
[2019.07.16-01.33.38:944][  0]LogConfig: Setting CVar [[r.SSS.Quality:1]]
[2019.07.16-01.33.38:944][  0]LogConfig: Setting CVar [[r.SSS.HalfRes:1]]
[2019.07.16-01.33.38:944][  0]LogConfig: Setting CVar [[r.EmitterSpawnRateScale:1.0]]
[2019.07.16-01.33.38:944][  0]LogConfig: Setting CVar [[r.ParticleLightQuality:2]]
[2019.07.16-01.33.38:944][  0]LogConfig: Applying CVar settings from Section [FoliageQuality@3] File [C:/Users/Leaf/Documents/repos/BuildingEscape/BuildingEscape02/Saved/Config/Windows/Scalability.ini]
[2019.07.16-01.33.38:944][  0]LogConfig: Setting CVar [[foliage.DensityScale:1.0]]
[2019.07.16-01.33.38:944][  0]LogConfig: Setting CVar [[grass.DensityScale:1.0]]
[2019.07.16-01.33.38:944][  0]LogConfig: Applying CVar settings from Section [Startup] File [../../../Engine/Config/ConsoleVariables.ini]
[2019.07.16-01.33.38:944][  0]LogConfig: Setting CVar [[net.UseAdaptiveNetUpdateFrequency:0]]
[2019.07.16-01.33.38:944][  0]LogConfig: Applying CVar settings from Section [ConsoleVariables] File [C:/Users/Leaf/Documents/repos/BuildingEscape/BuildingEscape02/Saved/Config/Windows/Engine.ini]
[2019.07.16-01.33.38:944][  0]LogInit: Computer: DESKTOP-M97SGGR
[2019.07.16-01.33.38:944][  0]LogInit: User: Leaf
[2019.07.16-01.33.38:944][  0]LogInit: CPU Page size=4096, Cores=4
[2019.07.16-01.33.38:944][  0]LogInit: High frequency timer resolution =2.742187 MHz
[2019.07.16-01.33.38:944][  0]LogMemory: Memory total: Physical=16.0GB (16GB approx)
[2019.07.16-01.33.38:944][  0]LogMemory: Platform Memory Stats for Windows
[2019.07.16-01.33.38:944][  0]LogMemory: Process Physical Memory: 101.98 MB used, 101.98 MB peak
[2019.07.16-01.33.38:944][  0]LogMemory: Process Virtual Memory: 91.50 MB used, 91.50 MB peak
[2019.07.16-01.33.38:944][  0]LogMemory: Physical Memory: 4251.91 MB used,  12085.05 MB free, 16336.96 MB total
[2019.07.16-01.33.38:944][  0]LogMemory: Virtual Memory: 4647.82 MB used,  134213080.00 MB free, 134217728.00 MB total
[2019.07.16-01.33.38:960][  0]LogInit: Using OS detected language (en-US).
[2019.07.16-01.33.38:960][  0]LogInit: Using OS detected locale (en-US).
[2019.07.16-01.33.38:960][  0]LogTextLocalizationManager: No specific localization for 'en-US' exists, so the 'en' localization will be used.
[2019.07.16-01.33.39:358][  0]LogStreaming: Display: Took  0.399s to InitEngineTextLocalization.
[2019.07.16-01.33.39:359][  0]LogInit: Setting process to per monitor DPI aware
[2019.07.16-01.33.39:391][  0]LogSlate: New Slate User Created.  User Index 0, Is Virtual User: 0
[2019.07.16-01.33.39:391][  0]LogSlate: Slate User Registered.  User Index 0, Is Virtual User: 0
[2019.07.16-01.33.39:591][  0]LogHMD: Failed to initialize OpenVR with code 110
[2019.07.16-01.33.39:591][  0]LogD3D11RHI: D3D11 adapters:
[2019.07.16-01.33.39:651][  0]LogD3D11RHI:    0. 'NVIDIA GeForce GTX 1060' (Feature Level 11_0)
[2019.07.16-01.33.39:651][  0]LogD3D11RHI:       6046/0/8168 MB DedicatedVideo/DedicatedSystem/SharedSystem, Outputs:1, VendorId:0x10de
[2019.07.16-01.33.39:653][  0]LogD3D11RHI:    1. 'Microsoft Basic Render Driver' (Feature Level 11_0)
[2019.07.16-01.33.39:653][  0]LogD3D11RHI:       0/0/8168 MB DedicatedVideo/DedicatedSystem/SharedSystem, Outputs:0, VendorId:0x1414
[2019.07.16-01.33.39:653][  0]LogD3D11RHI: Chosen D3D11 Adapter: 0
[2019.07.16-01.33.39:659][  0]LogD3D11RHI: Creating new Direct3DDevice
[2019.07.16-01.33.39:659][  0]LogD3D11RHI:     GPU DeviceId: 0x1c60 (for the marketing name, search the web for "GPU Device Id")
[2019.07.16-01.33.39:659][  0]LogWindows: EnumDisplayDevices:
[2019.07.16-01.33.39:659][  0]LogWindows:    0. 'NVIDIA GeForce GTX 1060' (P:1 D:1)
[2019.07.16-01.33.39:659][  0]LogWindows:    1. 'NVIDIA GeForce GTX 1060' (P:0 D:0)
[2019.07.16-01.33.39:660][  0]LogWindows:    2. 'NVIDIA GeForce GTX 1060' (P:0 D:0)
[2019.07.16-01.33.39:660][  0]LogWindows:    3. 'NVIDIA GeForce GTX 1060' (P:0 D:0)
[2019.07.16-01.33.39:660][  0]LogWindows: DebugString: FoundDriverCount:4 
[2019.07.16-01.33.39:660][  0]LogD3D11RHI:     Adapter Name: NVIDIA GeForce GTX 1060
[2019.07.16-01.33.39:660][  0]LogD3D11RHI:   Driver Version: 385.54 (internal:22.21.13.8554, unified:385.54)
[2019.07.16-01.33.39:660][  0]LogD3D11RHI:      Driver Date: 9-1-2017
[2019.07.16-01.33.39:660][  0]LogRHI: Texture pool is 4232 MB (70% of 6046 MB)
[2019.07.16-01.33.39:683][  0]LogD3D11RHI: Async texture creation enabled
[2019.07.16-01.33.39:695][  0]LogD3D11RHI: GPU Timing Frequency: 1000.000000 (Debug: 2 1)
[2019.07.16-01.33.40:028][  0]LogTemp: Display: Loaded TP AllDesktopTargetPlatform
[2019.07.16-01.33.40:041][  0]LogTemp: Display: Loaded TP MacClientTargetPlatform
[2019.07.16-01.33.40:054][  0]LogTemp: Display: Loaded TP MacNoEditorTargetPlatform
[2019.07.16-01.33.40:067][  0]LogTemp: Display: Loaded TP MacServerTargetPlatform
[2019.07.16-01.33.40:079][  0]LogTemp: Display: Loaded TP MacTargetPlatform
[2019.07.16-01.33.40:092][  0]LogTemp: Display: Loaded TP WindowsClientTargetPlatform
[2019.07.16-01.33.40:104][  0]LogTemp: Display: Loaded TP WindowsNoEditorTargetPlatform
[2019.07.16-01.33.40:117][  0]LogTemp: Display: Loaded TP WindowsServerTargetPlatform
[2019.07.16-01.33.40:123][  0]LogTemp: Display: Loaded TP WindowsTargetPlatform
[2019.07.16-01.33.40:195][  0]LogTemp: Display: Loaded TP AndroidTargetPlatform
[2019.07.16-01.33.40:195][  0]LogTemp: Display: Loaded TP AndroidTargetPlatform
[2019.07.16-01.33.40:195][  0]LogTemp: Display: Loaded TP AndroidTargetPlatform
[2019.07.16-01.33.40:195][  0]LogTemp: Display: Loaded TP AndroidTargetPlatform
[2019.07.16-01.33.40:195][  0]LogTemp: Display: Loaded TP AndroidTargetPlatform
[2019.07.16-01.33.40:195][  0]LogTemp: Display: Loaded TP AndroidTargetPlatform
[2019.07.16-01.33.40:195][  0]LogTemp: Display: Loaded TP AndroidTargetPlatform
[2019.07.16-01.33.40:195][  0]LogTemp: Display: Loaded TP AndroidTargetPlatform
[2019.07.16-01.33.40:195][  0]LogTemp: Display: Loaded TP AndroidTargetPlatform
[2019.07.16-01.33.40:195][  0]LogTemp: Display: Loaded TP AndroidTargetPlatform
[2019.07.16-01.33.40:195][  0]LogTemp: Display: Loaded TP AndroidTargetPlatform
[2019.07.16-01.33.40:195][  0]LogTemp: Display: Loaded TP AndroidTargetPlatform
[2019.07.16-01.33.40:195][  0]LogTemp: Display: Loaded TP AndroidTargetPlatform
[2019.07.16-01.33.40:195][  0]LogTemp: Display: Loaded TP AndroidTargetPlatform
[2019.07.16-01.33.40:195][  0]LogTemp: Display: Loaded TP AndroidTargetPlatform
[2019.07.16-01.33.40:195][  0]LogTemp: Display: Loaded TP AndroidTargetPlatform
[2019.07.16-01.33.40:195][  0]LogTemp: Display: Loaded TP AndroidTargetPlatform
[2019.07.16-01.33.40:195][  0]LogTemp: Display: Loaded TP AndroidTargetPlatform
[2019.07.16-01.33.40:196][  0]LogTemp: Display: Loaded TP HTML5TargetPlatform
[2019.07.16-01.33.40:257][  0]LogTemp: Display: Loaded TP IOSTargetPlatform
[2019.07.16-01.33.40:257][  0]LogTemp: Display: Loaded TP IOSTargetPlatform
[2019.07.16-01.33.40:279][  0]LogTemp: Display: Loaded TP TVOSTargetPlatform
[2019.07.16-01.33.40:279][  0]LogTemp: Display: Loaded TP TVOSTargetPlatform
[2019.07.16-01.33.40:291][  0]LogTemp: Display: Loaded TP LinuxClientTargetPlatform
[2019.07.16-01.33.40:304][  0]LogTemp: Display: Loaded TP LinuxNoEditorTargetPlatform
[2019.07.16-01.33.40:316][  0]LogTemp: Display: Loaded TP LinuxServerTargetPlatform
[2019.07.16-01.33.40:329][  0]LogTemp: Display: Loaded TP LinuxTargetPlatform
[2019.07.16-01.33.40:372][  0]LogTemp: Display: Loaded TP LuminTargetPlatform
[2019.07.16-01.33.40:372][  0]LogTemp: Display: Loaded TP LuminTargetPlatform
[2019.07.16-01.33.40:372][  0]LogTargetPlatformManager: Display: Building Assets For Windows
[2019.07.16-01.33.40:427][  0]LogShaderCompilers: Guid format shader working directory is -31 characters bigger than the processId version (../../../../../../Users/Leaf/Documents/repos/BuildingEscape/BuildingEscape02/Intermediate/Shaders/WorkingDirectory/8740/).
[2019.07.16-01.33.40:428][  0]LogShaderCompilers: Cleaned the shader compiler working directory 'C:/Users/Leaf/AppData/Local/Temp/UnrealShaderWorkingDir/B6AB8E72425C1705C193FC951AF99FAF/'.
[2019.07.16-01.33.40:430][  0]LogXGEController: Cannot use XGE Controller as Incredibuild is not installed on this machine.
[2019.07.16-01.33.40:430][  0]LogShaderCompilers: Cannot use XGE Shader Compiler as Incredibuild is not installed on this machine.
[2019.07.16-01.33.40:430][  0]LogShaderCompilers: Display: Using Local Shader Compiler.
[2019.07.16-01.33.40:968][  0]LogDerivedDataCache: Display: Max Cache Size: 512 MB
[2019.07.16-01.33.41:026][  0]LogDerivedDataCache: Loaded boot cache 0.06s 71MB C:/Users/Leaf/AppData/Local/UnrealEngine/4.21/DerivedDataCache/Boot.ddc.
[2019.07.16-01.33.41:027][  0]LogDerivedDataCache: Display: Loaded Boot cache: C:/Users/Leaf/AppData/Local/UnrealEngine/4.21/DerivedDataCache/Boot.ddc
[2019.07.16-01.33.41:027][  0]LogDerivedDataCache: FDerivedDataBackendGraph:  Pak pak cache file ../../../../../../Users/Leaf/Documents/repos/BuildingEscape/BuildingEscape02/DerivedDataCache/DDC.ddp not found, will not use a pak cache.
[2019.07.16-01.33.41:027][  0]LogDerivedDataCache: Unable to find inner node Pak for hierarchical cache Hierarchy.
[2019.07.16-01.33.41:027][  0]LogDerivedDataCache: FDerivedDataBackendGraph:  CompressedPak pak cache file ../../../../../../Users/Leaf/Documents/repos/BuildingEscape/BuildingEscape02/DerivedDataCache/Compressed.ddp not found, will not use a pak cache.
[2019.07.16-01.33.41:027][  0]LogDerivedDataCache: Unable to find inner node CompressedPak for hierarchical cache Hierarchy.
[2019.07.16-01.33.41:042][  0]LogDerivedDataCache: Display: Pak cache opened for reading ../../../Engine/DerivedDataCache/Compressed.ddp.
[2019.07.16-01.33.41:042][  0]LogDerivedDataCache: FDerivedDataBackendGraph:  EnterprisePak pak cache file ../../../Enterprise/DerivedDataCache/Compressed.ddp not found, will not use a pak cache.
[2019.07.16-01.33.41:042][  0]LogDerivedDataCache: Unable to find inner node EnterprisePak for hierarchical cache Hierarchy.
[2019.07.16-01.33.41:054][  0]LogDerivedDataCache: Using Local data cache path C:/Users/Leaf/AppData/Local/UnrealEngine/Common/DerivedDataCache: Writable
[2019.07.16-01.33.41:054][  0]LogDerivedDataCache: Shared data cache path not found in *engine.ini, will not use an Shared cache.
[2019.07.16-01.33.41:054][  0]LogDerivedDataCache: Unable to find inner node Shared for hierarchical cache Hierarchy.
[2019.07.16-01.33.41:086][  0]LogMaterial: Verifying Global Shaders for PCD3D_SM5
[2019.07.16-01.33.41:087][  0]LogSlate: Using FreeType 2.6.0
[2019.07.16-01.33.41:088][  0]LogSlate: SlateFontServices - WITH_FREETYPE: 1, WITH_HARFBUZZ: 1
[2019.07.16-01.33.41:171][  0]LogAssetRegistry: FAssetRegistry took 0.0328 seconds to start up
[2019.07.16-01.33.41:478][  0]LogInit: Selected Device Profile: [Windows]
[2019.07.16-01.33.41:544][  0]LogSimplygon: Simplygon DLL not present - disabling.
[2019.07.16-01.33.41:547][  0]LogMeshReduction: Using SimplygonSwarm for distributed automatic mesh merging
[2019.07.16-01.33.41:547][  0]LogMeshReduction: Using ProxyLODMeshReduction for automatic mesh merging
[2019.07.16-01.33.41:547][  0]LogMeshReduction: Using QuadricMeshReduction for automatic static mesh reduction
[2019.07.16-01.33.41:547][  0]LogMeshReduction: No automatic skeletal mesh reduction module available
[2019.07.16-01.33.41:645][  0]LogNetVersion: BuildingEscape02 1.0.0, NetCL: 4541578, EngineNetVer: 5, GameNetVer: 0 (Checksum: 2527621893)
[2019.07.16-01.33.42:118][  0]LogPackageLocalizationCache: Processed 11 localized package path(s) for 2 prioritized culture(s) in 0.060987 seconds
[2019.07.16-01.33.42:123][  0]LogUObjectArray: 39775 objects as part of root set at end of initial load.
[2019.07.16-01.33.42:123][  0]LogUObjectAllocator: 6914664 out of 0 bytes used by permanent object pool.
[2019.07.16-01.33.42:123][  0]LogUObjectArray: CloseDisregardForGC: 0/0 objects in disregard for GC pool
[2019.07.16-01.33.42:923][  0]LogTcpMessaging: Initializing TcpMessaging bridge
[2019.07.16-01.33.42:936][  0]LogUdpMessaging: Initializing bridge on interface 0.0.0.0:0 to multicast group 230.0.0.1:6666.
[2019.07.16-01.33.43:637][  0]SourceControl: Source control is disabled
[2019.07.16-01.33.43:637][  0]SourceControl: Source control is disabled
[2019.07.16-01.33.43:638][  0]SourceControl: Source control is disabled
[2019.07.16-01.33.43:639][  0]SourceControl: Source control is disabled
[2019.07.16-01.33.43:789][  0]LogAndroidPermission: UAndroidPermissionCallbackProxy::GetInstance
[2019.07.16-01.33.43:832][  0]LogOcInput: OculusInput pre-init called
[2019.07.16-01.33.43:964][  0]LogEngine: Initializing Engine...
[2019.07.16-01.33.43:965][  0]LogHMD: Failed to initialize OpenVR with code 110
[2019.07.16-01.33.43:966][  0]LogStats: UGameplayTagsManager::ConstructGameplayTagTree: ImportINI prefixes -  0.000 s
[2019.07.16-01.33.43:966][  0]LogStats: UGameplayTagsManager::ConstructGameplayTagTree: Construct from data asset -  0.000 s
[2019.07.16-01.33.43:966][  0]LogStats: UGameplayTagsManager::ConstructGameplayTagTree: ImportINI -  0.000 s
[2019.07.16-01.33.43:966][  0]LogStats: UGameplayTagsManager::ConstructGameplayTagTree: GameplayTagTreeChangedEvent.Broadcast -  0.000 s
[2019.07.16-01.33.44:202][  0]LogInit: Initializing FReadOnlyCVARCache
[2019.07.16-01.33.44:222][  0]LogAIModule: Creating AISystem for world Untitled
[2019.07.16-01.33.44:229][  0]LogInit: XAudio2 using 'Speakers (Realtek High Definition Audio)' : 2 channels at 48 kHz using 32 bits per sample (channel mask 0x3)
[2019.07.16-01.33.44:271][  0]LogInit: FAudioDevice initialized.
[2019.07.16-01.33.44:272][  0]LogNetVersion: Set ProjectVersion to 1.0.0.0. Version Checksum will be recalculated on next use.
[2019.07.16-01.33.44:464][  0]LogDerivedDataCache: Saved boot cache 0.19s 71MB C:/Users/Leaf/AppData/Local/UnrealEngine/4.21/DerivedDataCache/Boot.ddc.
[2019.07.16-01.33.44:474][  0]LogInit: Texture streaming: Enabled
[2019.07.16-01.33.44:490][  0]LogEngineSessionManager: EngineSessionManager initialized
[2019.07.16-01.33.44:529][  0]LogInit: Transaction tracking system initialized
[2019.07.16-01.33.44:555][  0]BlueprintLog: New page: Editor Load
[2019.07.16-01.33.44:626][  0]LocalizationService: Localization service is disabled
[2019.07.16-01.33.45:196][  0]LogFileCache: Scanning file cache for directory 'C:/Users/Leaf/Documents/repos/BuildingEscape/BuildingEscape02/Content/' took 0.02s
[2019.07.16-01.33.45:196][  0]LogCook: Display: Max memory allowance for cook 16384mb min free memory 0mb
[2019.07.16-01.33.45:196][  0]LogCook: Display: Mobile HDR setting 1
[2019.07.16-01.33.45:196][  0]LogGameplayTags: Display: UGameplayTagsManager::DoneAddingNativeTags. DelegateIsBound: 0
[2019.07.16-01.33.45:196][  0]LogStats: UGameplayTagsManager::ConstructGameplayTagTree: ImportINI prefixes -  0.000 s
[2019.07.16-01.33.45:196][  0]LogStats: UGameplayTagsManager::ConstructGameplayTagTree: Construct from data asset -  0.000 s
[2019.07.16-01.33.45:197][  0]LogStats: UGameplayTagsManager::ConstructGameplayTagTree: ImportINI -  0.000 s
[2019.07.16-01.33.45:197][  0]LogStats: UGameplayTagsManager::ConstructGameplayTagTree: GameplayTagTreeChangedEvent.Broadcast -  0.000 s
[2019.07.16-01.33.45:337][  0]SourceControl: Source control is disabled
[2019.07.16-01.33.45:337][  0]Cmd: MAP LOAD FILE="../../../../../../Users/Leaf/Documents/repos/BuildingEscape/BuildingEscape02/Content/NewMap.umap" TEMPLATE=0 SHOWPROGRESS=1 FEATURELEVEL=3
[2019.07.16-01.33.45:337][  0]LightingResults: New page: Lighting Build
[2019.07.16-01.33.45:341][  0]MapCheck: New page: Map Check
[2019.07.16-01.33.45:341][  0]LightingResults: New page: Lighting Build
[2019.07.16-01.33.45:976][  0]LogAIModule: Creating AISystem for world NewMap
[2019.07.16-01.33.45:982][  0]LogEditorServer: Finished looking for orphan Actors (0.000 secs)
[2019.07.16-01.33.46:008][  0]Cmd: MAP CHECKDEP NOCLEARLOG
[2019.07.16-01.33.46:009][  0]MapCheck: Map check complete: 0 Error(s), 0 Warning(s), took 0.155ms to complete.
[2019.07.16-01.33.46:009][  0]LogFileHelpers: Loading map 'NewMap' took 0.671
[2019.07.16-01.33.46:853][  0]LogSlate: Updating window title bar state: overlay mode, drag disabled, window buttons hidden, title bar hidden
[2019.07.16-01.33.46:860][  0]LogSlate: Updating window title bar state: overlay mode, drag disabled, window buttons hidden, title bar hidden
[2019.07.16-01.33.46:867][  0]LogSlate: Updating window title bar state: overlay mode, drag disabled, window buttons hidden, title bar hidden
[2019.07.16-01.33.46:874][  0]LogSlate: Updating window title bar state: overlay mode, drag disabled, window buttons hidden, title bar hidden
[2019.07.16-01.33.47:116][  0]LogCollectionManager: Loaded 0 collections in 0.001705 seconds
[2019.07.16-01.33.47:203][  0]LogFileCache: Scanning file cache for directory 'C:/Users/Leaf/Documents/repos/BuildingEscape/BuildingEscape02/Saved/Collections/' took 0.01s
[2019.07.16-01.33.47:203][  0]LogFileCache: Scanning file cache for directory 'C:/Users/Leaf/Documents/repos/BuildingEscape/BuildingEscape02/Content/Developers/Leaf/Collections/' took 0.00s
[2019.07.16-01.33.47:203][  0]LogFileCache: Scanning file cache for directory 'C:/Users/Leaf/Documents/repos/BuildingEscape/BuildingEscape02/Content/Collections/' took 0.00s
[2019.07.16-01.33.47:203][  0]LogCollectionManager: Rebuilt the GUID cache for 0 collections in 0.000001 seconds
[2019.07.16-01.33.47:216][  0]LogContentBrowser: Native class hierarchy populated in 0.0097 seconds. Added 2653 classes and 624 folders.
[2019.07.16-01.33.47:262][  0]LogContentBrowser: Native class hierarchy updated for 'WidgetCarousel' in 0.0005 seconds. Added 0 classes and 0 folders.
[2019.07.16-01.33.47:305][  0]LogPakFile: Registered encryption key '00000000000000000000000000000000': 0 pak files mounted, 0 remain pending
[2019.07.16-01.33.47:339][  0]LogPakFile: Registered encryption key '00000000000000000000000000000000': 0 pak files mounted, 0 remain pending
[2019.07.16-01.33.47:358][  0]LogPakFile: Registered encryption key '00000000000000000000000000000000': 0 pak files mounted, 0 remain pending
[2019.07.16-01.33.47:372][  0]LogPakFile: Registered encryption key '00000000000000000000000000000000': 0 pak files mounted, 0 remain pending
[2019.07.16-01.33.47:386][  0]LogPakFile: Registered encryption key '00000000000000000000000000000000': 0 pak files mounted, 0 remain pending
[2019.07.16-01.33.47:395][  0]LogPakFile: Registered encryption key '00000000000000000000000000000000': 0 pak files mounted, 0 remain pending
[2019.07.16-01.33.47:408][  0]LogPakFile: Registered encryption key '00000000000000000000000000000000': 0 pak files mounted, 0 remain pending
[2019.07.16-01.33.47:421][  0]LogPakFile: Registered encryption key '00000000000000000000000000000000': 0 pak files mounted, 0 remain pending
[2019.07.16-01.33.47:434][  0]LogPakFile: Registered encryption key '00000000000000000000000000000000': 0 pak files mounted, 0 remain pending
[2019.07.16-01.33.47:447][  0]LogPakFile: Registered encryption key '00000000000000000000000000000000': 0 pak files mounted, 0 remain pending
[2019.07.16-01.33.47:465][  0]LogPakFile: Registered encryption key '00000000000000000000000000000000': 0 pak files mounted, 0 remain pending
[2019.07.16-01.33.47:477][  0]LogPakFile: Registered encryption key '00000000000000000000000000000000': 0 pak files mounted, 0 remain pending
[2019.07.16-01.33.47:483][  0]LogPakFile: Registered encryption key '00000000000000000000000000000000': 0 pak files mounted, 0 remain pending
[2019.07.16-01.33.47:496][  0]LogPakFile: Registered encryption key '00000000000000000000000000000000': 0 pak files mounted, 0 remain pending
[2019.07.16-01.33.47:507][  0]LogPakFile: Registered encryption key '00000000000000000000000000000000': 0 pak files mounted, 0 remain pending
[2019.07.16-01.33.47:521][  0]LogPakFile: Registered encryption key '00000000000000000000000000000000': 0 pak files mounted, 0 remain pending
[2019.07.16-01.33.47:546][  0]LogPakFile: Registered encryption key '00000000000000000000000000000000': 0 pak files mounted, 0 remain pending
[2019.07.16-01.33.47:568][  0]LogPakFile: Registered encryption key '00000000000000000000000000000000': 0 pak files mounted, 0 remain pending
[2019.07.16-01.33.47:576][  0]LogPakFile: Registered encryption key '00000000000000000000000000000000': 0 pak files mounted, 0 remain pending
[2019.07.16-01.33.47:594][  0]LogPakFile: Registered encryption key '00000000000000000000000000000000': 0 pak files mounted, 0 remain pending
[2019.07.16-01.33.47:605][  0]LogPakFile: Registered encryption key '00000000000000000000000000000000': 0 pak files mounted, 0 remain pending
[2019.07.16-01.33.47:626][  0]LogPakFile: Registered encryption key '00000000000000000000000000000000': 0 pak files mounted, 0 remain pending
[2019.07.16-01.33.47:647][  0]LogPakFile: Registered encryption key '00000000000000000000000000000000': 0 pak files mounted, 0 remain pending
[2019.07.16-01.33.47:657][  0]LogPakFile: Registered encryption key '00000000000000000000000000000000': 0 pak files mounted, 0 remain pending
[2019.07.16-01.33.47:671][  0]LogPakFile: Registered encryption key '00000000000000000000000000000000': 0 pak files mounted, 0 remain pending
[2019.07.16-01.33.47:686][  0]LogPakFile: Registered encryption key '00000000000000000000000000000000': 0 pak files mounted, 0 remain pending
[2019.07.16-01.33.48:957][  0]LogContentBrowser: Native class hierarchy updated for 'AddContentDialog' in 0.0003 seconds. Added 0 classes and 0 folders.
[2019.07.16-01.33.49:194][  0]LogContentBrowser: Native class hierarchy updated for 'HierarchicalLODOutliner' in 0.0004 seconds. Added 0 classes and 0 folders.
[2019.07.16-01.33.49:194][  0]LogLoad: (Engine Initialization) Total time: 12.17 seconds
[2019.07.16-01.33.49:194][  0]LogLoad: (Engine Initialization) Total Blueprint compile time: 0.00 seconds
[2019.07.16-01.33.49:214][  0]LogWindowsTextInputMethodSystem: Display: IME system now deactivated.
[2019.07.16-01.33.49:285][  0]LogContentStreaming: Texture pool size now 1000 MB
[2019.07.16-01.33.49:287][  0]LogSlate: Took 0.000120 seconds to synchronously load lazily loaded font '../../../Engine/Content/Slate/Fonts/Roboto-Regular.ttf' (155K)
[2019.07.16-01.33.49:290][  0]LogSlate: Took 0.000094 seconds to synchronously load lazily loaded font '../../../Engine/Content/Slate/Fonts/Roboto-Bold.ttf' (160K)
[2019.07.16-01.33.49:313][  0]LogSlate: Took 0.010509 seconds to synchronously load lazily loaded font '../../../Engine/Content/Editor/Slate/Fonts/FontAwesome.ttf' (139K)
[2019.07.16-01.33.49:615][  0]LogRenderer: Reallocating scene render targets to support 932x408 Format 10 NumSamples 1 (Frame:1).
[2019.07.16-01.33.49:615][  0]LogSlate: Took 0.021031 seconds to synchronously load lazily loaded font '../../../Engine/Content/Slate/Fonts/Roboto-Light.ttf' (167K)
[2019.07.16-01.33.49:878][  2]LogAssetRegistry: Asset discovery search completed in 8.7293 seconds
[2019.07.16-01.33.49:880][  2]LogCollectionManager: Rebuilt the object cache for 0 collections in 0.000000 seconds (found 0 objects)
[2019.07.16-01.33.49:880][  2]LogCollectionManager: Fixed up redirectors for 0 collections in 0.000134 seconds (updated 0 objects)
[2019.07.16-01.33.52:531][133]LogRenderer: Reallocating scene render targets to support 932x484 Format 10 NumSamples 1 (Frame:133).
[2019.07.16-01.35.55:573][506]LogSlate: FSceneViewport::OnFocusLost() reason 0
[2019.07.16-01.35.56:570][560]LogEditorViewport: Clicking on Actor (LMB): StaticMeshActor (Floor)
[2019.07.16-01.35.57:375][567]LogEditorViewport: Clicking on Actor (LMB): StaticMeshActor (SM_Rock)
[2019.07.16-01.36.31:221][589]LogSlate: FSceneViewport::OnFocusLost() reason 2
[2019.07.16-01.36.35:182][826]LogSlate: FSceneViewport::OnFocusLost() reason 2
[2019.07.16-01.36.35:235][826]LogSlate: Took 0.000147 seconds to synchronously load lazily loaded font '../../../Engine/Content/Slate/Fonts/Roboto-Light.ttf' (167K)
[2019.07.16-01.36.35:296][826]LogSlate: FSceneViewport::OnFocusLost() reason 2
[2019.07.16-01.37.48:359][131]LogSlate: Window 'Class Viewer' being destroyed
[2019.07.16-01.37.48:364][131]LogSlate: Window 'Class Viewer' being destroyed
[2019.07.16-01.37.50:444][254]LogEditorViewport: Clicking on Actor (LMB): StaticMeshActor (Floor)
[2019.07.16-01.37.50:971][281]LogEditorViewport: Clicking on Actor (LMB): StaticMeshActor (SM_Chair)
[2019.07.16-01.37.53:461][428]LogEditorViewport: Clicking on Actor (LMB): StaticMeshActor (SM_Rock)
[2019.07.16-01.37.54:869][508]Cmd: DELETE
[2019.07.16-01.37.54:869][508]Cmd: ACTOR DELETE
[2019.07.16-01.37.55:011][508]LogEditorActor: Deleted Actor: StaticMeshActor
[2019.07.16-01.37.55:048][508]LogEditorActor: Deleted 1 Actors (0.076 secs)
[2019.07.16-01.37.56:220][579]LogEditorViewport: Clicking on Actor (LMB): StaticMeshActor (SM_Chair)
[2019.07.16-01.37.59:666][778]LogSlate: Took 0.013577 seconds to synchronously load lazily loaded font '../../../Engine/Content/Slate/Fonts/Roboto-Italic.ttf' (157K)
[2019.07.16-01.38.24:504][265]LogSlate: FSceneViewport::OnFocusLost() reason 2
[2019.07.16-01.38.27:602][445]LogSlate: FSceneViewport::OnFocusLost() reason 2
[2019.07.16-01.38.27:648][445]LogSlate: Took 0.014536 seconds to synchronously load lazily loaded font '../../../Engine/Content/Slate/Fonts/Roboto-BoldCondensed.ttf' (158K)
[2019.07.16-01.38.55:835][445]Running C:/Program Files/Epic Games/UE_4.21/Engine/Binaries/DotNET/UnrealBuildTool.exe  -projectfiles -project="C:/Users/Leaf/Documents/repos/BuildingEscape/BuildingEscape02/BuildingEscape02.uproject" -game -rocket -progress
[2019.07.16-01.38.56:240][445]Discovering modules, targets and source code for project...
[2019.07.16-01.39.01:872][445]Binding IntelliSense data...
[2019.07.16-01.39.05:297][445]Binding IntelliSense data... 100%
[2019.07.16-01.39.05:297][445]Writing project files...
[2019.07.16-01.39.15:360][445]Writing project files... 100%
[2019.07.16-01.39.15:474][445]LogVSAccessor: Warning: Couldn't access Visual Studio
[2019.07.16-01.39.15:532][445]Candidate modules for hot reload:
[2019.07.16-01.39.15:532][445]  BuildingEscape02
[2019.07.16-01.39.15:532][445]Launching UnrealBuildTool... [C:/Program Files/Epic Games/UE_4.21/Engine/Binaries/DotNET/UnrealBuildTool.exe  -ModuleWithSuffix=BuildingEscape02,9707 Win64 Development -TargetType=Editor -Project="../../../../../../Users/Leaf/Documents/repos/BuildingEscape/BuildingEscape02/BuildingEscape02.uproject" -canskiplink "C:/Users/Leaf/Documents/repos/BuildingEscape/BuildingEscape02/BuildingEscape02.uproject" ]
[2019.07.16-01.41.44:499][445]CompilerResultsLog: New page: Compilation - Jul 16, 2019, 5:41:44 AM
[2019.07.16-01.41.44:499][445]CompilerResultsLog: Performing full C++ include scan (hot reloading a new target)
[2019.07.16-01.41.44:499][445]CompilerResultsLog: Using 'git status' to determine working set for adaptive non-unity build (C:\Users\Leaf\Documents\repos\BuildingEscape).
[2019.07.16-01.41.44:499][445]CompilerResultsLog: Creating makefile for hot reloading BuildingEscape02Editor (no existing makefile)
[2019.07.16-01.41.44:499][445]CompilerResultsLog: Compiling game modules for hot reload
[2019.07.16-01.41.44:499][445]CompilerResultsLog: Using Visual Studio 2017 14.16.27023 toolchain (C:\Program Files (x86)\Microsoft Visual Studio\2017\Community\VC\Tools\MSVC\14.16.27023) and Windows 10.0.17763.0 SDK (C:\Program Files (x86)\Windows Kits\10).
[2019.07.16-01.41.44:499][445]CompilerResultsLog: Parsing headers for BuildingEscape02Editor
[2019.07.16-01.41.44:499][445]CompilerResultsLog:   Running UnrealHeaderTool "C:\Users\Leaf\Documents\repos\BuildingEscape\BuildingEscape02\BuildingEscape02.uproject" "C:\Users\Leaf\Documents\repos\BuildingEscape\BuildingEscape02\Intermediate\Build\Win64\BuildingEscape02Editor\Development\BuildingEscape02Editor.uhtmanifest" -LogCmds="loginit warning, logexit warning, logdatabase error" -Unattended -WarningsAsErrors -installed
[2019.07.16-01.41.44:499][445]CompilerResultsLog: Reflection code generated for BuildingEscape02Editor in 10.3465591 seconds
[2019.07.16-01.41.44:499][445]CompilerResultsLog: Building 8 actions with 8 processes...
[2019.07.16-01.41.44:499][445]CompilerResultsLog:   [1/8] BuildingEscape02.init.gen.cpp
[2019.07.16-01.41.44:499][445]CompilerResultsLog:   [2/8] BuildingEscape02.cpp
[2019.07.16-01.41.44:499][445]CompilerResultsLog:   [3/8] PositionReport.cpp
[2019.07.16-01.41.44:499][445]CompilerResultsLog:   [4/8] BuildingEscape02GameModeBase.cpp
[2019.07.16-01.41.44:499][445]CompilerResultsLog:   [5/8] PositionReport.gen.cpp
[2019.07.16-01.41.44:499][445]CompilerResultsLog:   [6/8] BuildingEscape02GameModeBase.gen.cpp
[2019.07.16-01.41.44:499][445]CompilerResultsLog:   [7/8] UE4Editor-BuildingEscape02-9707.lib
[2019.07.16-01.41.44:499][445]CompilerResultsLog:      Creating library C:\Users\Leaf\Documents\repos\BuildingEscape\BuildingEscape02\Intermediate\Build\Win64\UE4Editor\Development\BuildingEscape02\UE4Editor-BuildingEscape02-9707.lib and object C:\Users\Leaf\Documents\repos\BuildingEscape\BuildingEscape02\Intermediate\Build\Win64\UE4Editor\Development\BuildingEscape02\UE4Editor-BuildingEscape02-9707.exp
[2019.07.16-01.41.44:499][445]CompilerResultsLog:   [8/8] UE4Editor-BuildingEscape02-9707.dll
[2019.07.16-01.41.44:499][445]CompilerResultsLog:      Creating library C:\Users\Leaf\Documents\repos\BuildingEscape\BuildingEscape02\Intermediate\Build\Win64\UE4Editor\Development\BuildingEscape02\UE4Editor-BuildingEscape02-9707.suppressed.lib and object C:\Users\Leaf\Documents\repos\BuildingEscape\BuildingEscape02\Intermediate\Build\Win64\UE4Editor\Development\BuildingEscape02\UE4Editor-BuildingEscape02-9707.suppressed.exp
[2019.07.16-01.41.44:499][445]CompilerResultsLog: Total build time: 148.71 seconds (Parallel executor: 87.66 seconds)
[2019.07.16-01.41.44:508][445]LogMainFrame: MainFrame: Module compiling took 149.034 seconds
[2019.07.16-01.41.44:536][445]LogClass: Could not find existing class PositionReport in package /Script/BuildingEscape02 for HotReload, assuming new class
[2019.07.16-01.41.44:538][445]LogContentBrowser: Native class hierarchy updated for 'BuildingEscape02' in 0.0004 seconds. Added 2 classes and 2 folders.
[2019.07.16-01.41.44:540][445]Display: HotReload successful (0 functions remapped  0 scriptstructs remapped)
[2019.07.16-01.41.44:763][445]LogContentBrowser: Native class hierarchy populated in 0.0079 seconds. Added 2654 classes and 624 folders.
[2019.07.16-01.41.44:786][445]Display: HotReload took 149.3s.
[2019.07.16-01.41.44:787][445]Warning: HotReload operation took 149.3s.
[2019.07.16-01.41.46:740][445]LogSlate: Window 'Add C++ Component' being destroyed
[2019.07.16-01.41.46:755][445]LogHotReload: New module detected: UE4Editor-BuildingEscape02-9707.dll
[2019.07.16-01.41.46:929][445]LogSlate: FSceneViewport::OnFocusLost() reason 2
[2019.07.16-01.41.47:078][446]LogHotReload: Starting Hot-Reload from IDE
[2019.07.16-01.41.47:115][446]LogContentBrowser: Native class hierarchy updated for 'BuildingEscape02' in 0.0003 seconds. Added 2 classes and 2 folders.
[2019.07.16-01.41.47:116][446]Display: HotReload successful (0 functions remapped  0 scriptstructs remapped)
[2019.07.16-01.41.47:145][446]LogContentBrowser: Native class hierarchy populated in 0.0082 seconds. Added 2654 classes and 624 folders.
[2019.07.16-01.41.47:153][446]Display: HotReload took  0.1s.
[2019.07.16-01.41.47:159][446]LogUnrealEdMisc: Warning: Heartbeat event firing too frequently (0.000 sec). This should never happen. Something is wrong with the timer delegate!
[2019.07.16-01.41.47:159][446]LogUnrealEdMisc: Warning: Heartbeat event firing too frequently (0.000 sec). This should never happen. Something is wrong with the timer delegate!
[2019.07.16-01.41.49:524][453]LogUnrealEdMisc: Warning: Heartbeat event firing too frequently (2.364 sec). This should never happen. Something is wrong with the timer delegate!
[2019.07.16-01.42.47:680][500]LogVSAccessor: Warning: Couldn't goto line number '1' in 'C:/Users/Leaf/Documents/repos/BuildingEscape/BuildingEscape02/Source/BuildingEscape02/PositionReport.cpp'
[2019.07.16-01.42.48:689][504]LogSlate: FSceneViewport::OnFocusLost() reason 0
[2019.07.16-01.44.50:194][426]LogSlate: FSceneViewport::OnFocusLost() reason 2
[2019.07.16-01.44.52:736][578]LogSlate: FSceneViewport::OnFocusLost() reason 2
[2019.07.16-01.44.56:433][578]LogSlate: Only BGRA pngs, bmps or icos are supported in by External Image Picker
[2019.07.16-01.44.56:602][579]LogTemp: Executing iPhonePackager certificates Engine -bundlename com.YourCompany.BuildingEscape02
[2019.07.16-01.44.56:602][579]LogTemp: CWD: C:\Program Files\Epic Games\UE_4.21\Engine\Binaries\DotNET\IOS
[2019.07.16-01.44.56:602][579]LogTemp: Initial Dir: C:\Program Files\Epic Games\UE_4.21
[2019.07.16-01.44.56:602][579]LogTemp: Env CWD: C:\Program Files\Epic Games\UE_4.21\Engine\Binaries\DotNET\IOS
[2019.07.16-01.44.56:602][579]LogTemp: BranchPath = DESKTOP-M97SGGR/C/Program Files/Epic Games/UE_4.21/Engine/Binaries --- GameBranchPath = DESKTOP-M97SGGR/C/Program Files/Epic Games/UE_4.21/Engine/Binaries
[2019.07.16-01.44.56:602][579]LogTemp: IPP ERROR: Could not find provision directory 'C:\Users\Leaf\AppData\Local/Apple Computer/MobileDevice/Provisioning Profiles/'.
[2019.07.16-01.45.09:642][347]LogSlate: Window 'Project Settings' being destroyed
[2019.07.16-01.45.09:646][347]LogSlate: Window 'Project Settings' being destroyed
[2019.07.16-01.47.04:202][821]LogSlate: FSceneViewport::OnFocusLost() reason 0
[2019.07.16-01.47.06:601][821]LogSlate: Window 'Save Content' being destroyed
[2019.07.16-01.47.06:754][821]LogSlate: FSceneViewport::OnFocusLost() reason 2
[2019.07.16-01.47.06:872][821]Cmd: OBJ SAVEPACKAGE PACKAGE="/Game/NewMap" FILE="../../../../../../Users/Leaf/Documents/repos/BuildingEscape/BuildingEscape02/Content/NewMap.umap" SILENT=true AUTOSAVING=false KEEPDIRTY=false
[2019.07.16-01.47.07:382][821]LogSavePackage: Moving '../../../../../../Users/Leaf/Documents/repos/BuildingEscape/BuildingEscape02/Saved/NewMap5B39BAEA4C00027C09BD8DBFC58AF96E.tmp' to '../../../../../../Users/Leaf/Documents/repos/BuildingEscape/BuildingEscape02/Content/NewMap.umap'
[2019.07.16-01.47.07:406][821]LogFileHelpers: Saving map 'NewMap' took 0.644
[2019.07.16-01.47.07:510][821]LogSlate: Window 'BuildingEscape02 - Unreal Editor' being destroyed
[2019.07.16-01.47.07:897][822]Cmd: QUIT_EDITOR
[2019.07.16-01.47.07:911][822]LogWindowsTextInputMethodSystem: Display: IME system now deactivated.
[2019.07.16-01.47.07:922][822]LogExit: Preparing to exit.
[2019.07.16-01.47.08:455][822]LogExit: Editor shut down
[2019.07.16-01.47.08:456][822]LogExit: Transaction tracking system shut down
[2019.07.16-01.47.08:621][822]LogExit: Object subsystem successfully closed.
[2019.07.16-01.47.08:641][822]LogShaderCompilers: Display: Shaders left to compile 0
[2019.07.16-01.47.08:644][822]LogD3D11RHI: Shutdown
[2019.07.16-01.47.08:644][822]LogD3D11RHI: CleanupD3DDevice
[2019.07.16-01.47.08:649][822]LogD3D11RHI: ~FD3D11DynamicRHI
[2019.07.16-01.47.08:671][822]LogModuleManager: Shutting down and abandoning module ExternalImagePicker (628)
[2019.07.16-01.47.08:671][822]LogModuleManager: Shutting down and abandoning module BuildingEscape02 (626)
[2019.07.16-01.47.08:671][822]LogModuleManager: Shutting down and abandoning module HierarchicalLODOutliner (624)
[2019.07.16-01.47.08:671][822]LogModuleManager: Shutting down and abandoning module AddContentDialog (622)
[2019.07.16-01.47.08:672][822]LogModuleManager: Shutting down and abandoning module WidgetCarousel (621)
[2019.07.16-01.47.08:672][822]LogModuleManager: Shutting down and abandoning module EditorWidgets (618)
[2019.07.16-01.47.08:672][822]LogModuleManager: Shutting down and abandoning module CollectionManager (616)
[2019.07.16-01.47.08:672][822]LogModuleManager: Shutting down and abandoning module SceneOutliner (614)
[2019.07.16-01.47.08:672][822]LogModuleManager: Shutting down and abandoning module StatsViewer (612)
[2019.07.16-01.47.08:672][822]LogModuleManager: Shutting down and abandoning module FoliageEdit (610)
[2019.07.16-01.47.08:672][822]LogModuleManager: Shutting down and abandoning module LandscapeEditor (608)
[2019.07.16-01.47.08:672][822]LogModuleManager: Shutting down and abandoning module MeshPaintMode (606)
[2019.07.16-01.47.08:672][822]LogModuleManager: Shutting down and abandoning module SceneDepthPickerMode (604)
[2019.07.16-01.47.08:672][822]LogModuleManager: Shutting down and abandoning module ActorPickerMode (602)
[2019.07.16-01.47.08:672][822]LogModuleManager: Shutting down and abandoning module GeometryMode (600)
[2019.07.16-01.47.08:672][822]LogModuleManager: Shutting down and abandoning module TextureAlignMode (598)
[2019.07.16-01.47.08:672][822]LogModuleManager: Shutting down and abandoning module BspMode (596)
[2019.07.16-01.47.08:672][822]LogModuleManager: Shutting down and abandoning module PIEPreviewDeviceProfileSelector (594)
[2019.07.16-01.47.08:672][822]LogModuleManager: Shutting down and abandoning module SequenceRecorderSections (592)
[2019.07.16-01.47.08:672][822]LogModuleManager: Shutting down and abandoning module AutomationWorker (590)
[2019.07.16-01.47.08:672][822]LogModuleManager: Shutting down and abandoning module AudioCaptureEditor (588)
[2019.07.16-01.47.08:672][822]LogModuleManager: Shutting down and abandoning module MatineeToLevelSequence (586)
[2019.07.16-01.47.08:672][822]LogModuleManager: Shutting down and abandoning module LevelSequenceEditor (584)
[2019.07.16-01.47.08:672][822]LogModuleManager: Shutting down and abandoning module PlacementMode (583)
[2019.07.16-01.47.08:672][822]LogModuleManager: Shutting down and abandoning module MaterialEditor (582)
[2019.07.16-01.47.08:672][822]LogModuleManager: Shutting down and abandoning module WmfMediaFactory (578)
[2019.07.16-01.47.08:672][822]LogModuleManager: Shutting down and abandoning module WmfMediaEditor (576)
[2019.07.16-01.47.08:672][822]LogModuleManager: Shutting down and abandoning module WebMMediaFactory (574)
[2019.07.16-01.47.08:672][822]LogModuleManager: Shutting down and abandoning module WebMMediaEditor (572)
[2019.07.16-01.47.08:672][822]LogModuleManager: Shutting down and abandoning module WebMMedia (570)
[2019.07.16-01.47.08:672][822]LogModuleManager: Shutting down and abandoning module MediaPlayerEditor (568)
[2019.07.16-01.47.08:672][822]LogModuleManager: Shutting down and abandoning module MediaCompositingEditor (566)
[2019.07.16-01.47.08:672][822]LogModuleManager: Shutting down and abandoning module SequenceRecorder (565)
[2019.07.16-01.47.08:672][822]LogModuleManager: Shutting down and abandoning module OpenExrWrapper (562)
[2019.07.16-01.47.08:672][822]LogModuleManager: Shutting down and abandoning module ImgMediaFactory (560)
[2019.07.16-01.47.08:673][822]LogModuleManager: Shutting down and abandoning module ImgMediaEditor (558)
[2019.07.16-01.47.08:673][822]LogModuleManager: Shutting down and abandoning module AvfMediaFactory (556)
[2019.07.16-01.47.08:673][822]LogModuleManager: Shutting down and abandoning module AvfMediaEditor (554)
[2019.07.16-01.47.08:673][822]LogModuleManager: Shutting down and abandoning module AndroidMediaFactory (552)
[2019.07.16-01.47.08:673][822]LogModuleManager: Shutting down and abandoning module AndroidMediaEditor (550)
[2019.07.16-01.47.08:673][822]LogModuleManager: Shutting down and abandoning module MagicLeapCameraPreviewFactory (548)
[2019.07.16-01.47.08:673][822]LogModuleManager: Shutting down and abandoning module MagicLeapMediaFactory (546)
[2019.07.16-01.47.08:673][822]LogModuleManager: Shutting down and abandoning module MagicLeapMediaEditor (544)
[2019.07.16-01.47.08:673][822]LogModuleManager: Shutting down and abandoning module CharacterAI (542)
[2019.07.16-01.47.08:673][822]LogModuleManager: Shutting down and abandoning module SmartSnapping (540)
[2019.07.16-01.47.08:673][822]LogModuleManager: Shutting down and abandoning module SessionServices (538)
[2019.07.16-01.47.08:673][822]LogModuleManager: Shutting down and abandoning module ViewportSnapping (536)
[2019.07.16-01.47.08:673][822]LogModuleManager: Shutting down and abandoning module ViewportInteraction (534)
[2019.07.16-01.47.08:673][822]LogModuleManager: Shutting down and abandoning module ClothPainter (532)
[2019.07.16-01.47.08:673][822]LogModuleManager: Shutting down and abandoning module SkeletalMeshEditor (531)
[2019.07.16-01.47.08:673][822]LogModuleManager: Shutting down and abandoning module LogVisualizer (528)
[2019.07.16-01.47.08:673][822]LogModuleManager: Shutting down and abandoning module IntroTutorials (526)
[2019.07.16-01.47.08:673][822]LogModuleManager: Shutting down and abandoning module GameProjectGeneration (525)
[2019.07.16-01.47.08:673][822]LogModuleManager: Shutting down and abandoning module LuminPlatformEditor (522)
[2019.07.16-01.47.08:673][822]LogModuleManager: Shutting down and abandoning module IOSPlatformEditor (520)
[2019.07.16-01.47.08:673][822]LogModuleManager: Shutting down and abandoning module HTML5PlatformEditor (518)
[2019.07.16-01.47.08:673][822]LogModuleManager: Shutting down and abandoning module AndroidPlatformEditor (516)
[2019.07.16-01.47.08:673][822]LogModuleManager: Shutting down and abandoning module AndroidDeviceDetection (515)
[2019.07.16-01.47.09:265][822]LogModuleManager: Shutting down and abandoning module WindowsPlatformEditor (512)
[2019.07.16-01.47.09:266][822]LogModuleManager: Shutting down and abandoning module LuminRuntimeSettings (510)
[2019.07.16-01.47.09:266][822]LogModuleManager: Shutting down and abandoning module IOSRuntimeSettings (508)
[2019.07.16-01.47.09:266][822]LogModuleManager: Shutting down and abandoning module AndroidRuntimeSettings (506)
[2019.07.16-01.47.09:266][822]LogModuleManager: Shutting down and abandoning module TimeManagementEditor (504)
[2019.07.16-01.47.09:266][822]LogModuleManager: Shutting down and abandoning module InputBindingEditor (502)
[2019.07.16-01.47.09:266][822]LogModuleManager: Shutting down and abandoning module MergeActors (500)
[2019.07.16-01.47.09:266][822]LogModuleManager: Shutting down and abandoning module LocalizationDashboard (498)
[2019.07.16-01.47.09:266][822]LogModuleManager: Shutting down and abandoning module LocalizationService (497)
[2019.07.16-01.47.09:266][822]LogModuleManager: Shutting down and abandoning module HardwareTargeting (494)
[2019.07.16-01.47.09:266][822]LogModuleManager: Shutting down and abandoning module DeviceProfileEditor (492)
[2019.07.16-01.47.09:266][822]LogModuleManager: Shutting down and abandoning module UndoHistory (490)
[2019.07.16-01.47.09:266][822]LogModuleManager: Shutting down and abandoning module XmlParser (488)
[2019.07.16-01.47.09:266][822]LogModuleManager: Shutting down and abandoning module Blutility (486)
[2019.07.16-01.47.09:266][822]LogModuleManager: Shutting down and abandoning module ProjectSettingsViewer (484)
[2019.07.16-01.47.09:266][822]LogModuleManager: Shutting down and abandoning module ProjectTargetPlatformEditor (483)
[2019.07.16-01.47.09:266][822]LogModuleManager: Shutting down and abandoning module EditorSettingsViewer (480)
[2019.07.16-01.47.09:266][822]LogModuleManager: Shutting down and abandoning module SettingsEditor (478)
[2019.07.16-01.47.09:266][822]LogModuleManager: Shutting down and abandoning module ProjectLauncher (476)
[2019.07.16-01.47.09:266][822]LogModuleManager: Shutting down and abandoning module SessionFrontend (474)
[2019.07.16-01.47.09:266][822]LogModuleManager: Shutting down and abandoning module ProfilerClient (472)
[2019.07.16-01.47.09:266][822]LogModuleManager: Shutting down and abandoning module DeviceManager (470)
[2019.07.16-01.47.09:266][822]LogModuleManager: Shutting down and abandoning module TargetDeviceServices (469)
[2019.07.16-01.47.09:320][822]LogModuleManager: Shutting down and abandoning module AutomationController (466)
[2019.07.16-01.47.09:320][822]LogModuleManager: Shutting down and abandoning module AutomationWindow (464)
[2019.07.16-01.47.09:320][822]LogModuleManager: Shutting down and abandoning module Layers (462)
[2019.07.16-01.47.09:320][822]LogModuleManager: Shutting down and abandoning module ComponentVisualizers (460)
[2019.07.16-01.47.09:320][822]LogModuleManager: Shutting down and abandoning module DetailCustomizations (458)
[2019.07.16-01.47.09:320][822]LogModuleManager: Shutting down and abandoning module PackagesDialog (456)
[2019.07.16-01.47.09:320][822]LogModuleManager: Shutting down and abandoning module Persona (454)
[2019.07.16-01.47.09:320][822]LogModuleManager: Shutting down and abandoning module AdvancedPreviewScene (453)
[2019.07.16-01.47.09:320][822]LogModuleManager: Shutting down and abandoning module AnimGraph (451)
[2019.07.16-01.47.09:320][822]LogModuleManager: Shutting down and abandoning module Kismet (448)
[2019.07.16-01.47.09:320][822]LogModuleManager: Shutting down and abandoning module GraphEditor (446)
[2019.07.16-01.47.09:320][822]LogModuleManager: Shutting down and abandoning module ClassViewer (444)
[2019.07.16-01.47.09:321][822]LogModuleManager: Shutting down and abandoning module Toolbox (442)
[2019.07.16-01.47.09:321][822]LogModuleManager: Shutting down and abandoning module DesktopPlatform (441)
[2019.07.16-01.47.09:321][822]LogModuleManager: Shutting down and abandoning module ModuleUI (438)
[2019.07.16-01.47.09:321][822]LogModuleManager: Shutting down and abandoning module MovieSceneTools (436)
[2019.07.16-01.47.09:321][822]LogModuleManager: Shutting down and abandoning module OutputLog (434)
[2019.07.16-01.47.09:321][822]LogModuleManager: Shutting down and abandoning module GammaUI (432)
[2019.07.16-01.47.09:321][822]LogModuleManager: Shutting down and abandoning module Documentation (430)
[2019.07.16-01.47.09:321][822]LogModuleManager: Shutting down and abandoning module MovieSceneTracks (428)
[2019.07.16-01.47.09:321][822]LogModuleManager: Shutting down and abandoning module MovieScene (426)
[2019.07.16-01.47.09:321][822]LogModuleManager: Shutting down and abandoning module StreamingPauseRendering (424)
[2019.07.16-01.47.09:321][822]LogModuleManager: Shutting down and abandoning module LauncherPlatform (422)
[2019.07.16-01.47.09:321][822]LogModuleManager: Shutting down and abandoning module AnalyticsET (420)
[2019.07.16-01.47.09:321][822]LogModuleManager: Shutting down and abandoning module PortalServices (418)
[2019.07.16-01.47.09:321][822]LogModuleManager: Shutting down and abandoning module PortalRpc (416)
[2019.07.16-01.47.09:321][822]LogModuleManager: Shutting down and abandoning module MessagingRpc (414)
[2019.07.16-01.47.09:321][822]LogModuleManager: Shutting down and abandoning module AIModule (412)
[2019.07.16-01.47.09:321][822]LogModuleManager: Shutting down and abandoning module GameplayDebugger (411)
[2019.07.16-01.47.09:321][822]LogModuleManager: Shutting down and abandoning module AITestSuite (409)
[2019.07.16-01.47.09:321][822]LogModuleManager: Shutting down and abandoning module NavigationSystem (407)
[2019.07.16-01.47.09:322][822]LogModuleManager: Shutting down and abandoning module ImageWriteQueue (404)
[2019.07.16-01.47.09:325][822]LogModuleManager: Shutting down and abandoning module ProfilerService (402)
[2019.07.16-01.47.09:417][822]LogModuleManager: Shutting down and abandoning module TaskGraph (400)
[2019.07.16-01.47.09:417][822]LogModuleManager: Shutting down and abandoning module SteamVRController (398)
[2019.07.16-01.47.09:417][822]LogModuleManager: Shutting down and abandoning module ProceduralMeshComponentEditor (396)
[2019.07.16-01.47.09:417][822]LogModuleManager: Shutting down and abandoning module ProceduralMeshComponent (394)
[2019.07.16-01.47.09:417][822]LogModuleManager: Shutting down and abandoning module OculusInput (392)
[2019.07.16-01.47.09:417][822]LogModuleManager: Shutting down and abandoning module MobilePatchingUtils (390)
[2019.07.16-01.47.09:417][822]LogModuleManager: Shutting down and abandoning module EditableMesh (388)
[2019.07.16-01.47.09:417][822]LogModuleManager: Shutting down and abandoning module CustomMeshComponent (386)
[2019.07.16-01.47.09:417][822]LogModuleManager: Shutting down and abandoning module CableComponent (384)
[2019.07.16-01.47.09:417][822]LogModuleManager: Shutting down and abandoning module AudioCapture (382)
[2019.07.16-01.47.09:417][822]LogModuleManager: Shutting down and abandoning module ArchVisCharacter (380)
[2019.07.16-01.47.09:417][822]LogModuleManager: Shutting down and abandoning module AndroidPermission (378)
[2019.07.16-01.47.09:417][822]LogModuleManager: Shutting down and abandoning module NUTUnrealEngine4 (376)
[2019.07.16-01.47.09:417][822]LogModuleManager: Shutting down and abandoning module NetcodeUnitTest (374)
[2019.07.16-01.47.09:417][822]LogModuleManager: Shutting down and abandoning module MediaCompositing (372)
[2019.07.16-01.47.09:417][822]LogModuleManager: Shutting down and abandoning module LinearTimecode (370)
[2019.07.16-01.47.09:417][822]LogModuleManager: Shutting down and abandoning module ImgMedia (368)
[2019.07.16-01.47.09:421][822]LogModuleManager: Shutting down and abandoning module HTML5Networking (366)
[2019.07.16-01.47.09:421][822]LogModuleManager: Shutting down and abandoning module GeometryCacheTracks (364)
[2019.07.16-01.47.09:421][822]LogModuleManager: Shutting down and abandoning module GeometryCacheSequencer (362)
[2019.07.16-01.47.09:422][822]LogModuleManager: Shutting down and abandoning module BackChannel (360)
[2019.07.16-01.47.09:422][822]LogModuleManager: Shutting down and abandoning module AppleVision (358)
[2019.07.16-01.47.09:422][822]LogModuleManager: Shutting down and abandoning module AppleImageUtilsBlueprintSupport (356)
[2019.07.16-01.47.09:422][822]LogModuleManager: Shutting down and abandoning module AppleImageUtils (354)
[2019.07.16-01.47.09:422][822]LogModuleManager: Shutting down and abandoning module AlembicImporter (352)
[2019.07.16-01.47.09:422][822]LogModuleManager: Shutting down and abandoning module AlembicLibrary (351)
[2019.07.16-01.47.09:422][822]LogModuleManager: Shutting down and abandoning module GeometryCache (350)
[2019.07.16-01.47.09:422][822]LogModuleManager: Shutting down and abandoning module GeometryCacheEd (349)
[2019.07.16-01.47.09:422][822]LogModuleManager: Shutting down and abandoning module VariantManagerContent (344)
[2019.07.16-01.47.09:422][822]LogModuleManager: Shutting down and abandoning module DatasmithContentEditor (342)
[2019.07.16-01.47.09:422][822]LogModuleManager: Shutting down and abandoning module SpeedTreeImporter (340)
[2019.07.16-01.47.09:422][822]LogModuleManager: Shutting down and abandoning module PluginBrowser (338)
[2019.07.16-01.47.09:422][822]LogModuleManager: Shutting down and abandoning module MobileLauncherProfileWizard (336)
[2019.07.16-01.47.09:422][822]LogModuleManager: Shutting down and abandoning module PolygonModeling (334)
[2019.07.16-01.47.09:422][822]LogModuleManager: Shutting down and abandoning module MeshEditor (332)
[2019.07.16-01.47.09:422][822]LogModuleManager: Shutting down and abandoning module CryptoKeysOpenSSL (330)
[2019.07.16-01.47.09:422][822]LogModuleManager: Shutting down and abandoning module CryptoKeys (328)
[2019.07.16-01.47.09:422][822]LogModuleManager: Shutting down and abandoning module VisualStudioSourceCodeAccess (326)
[2019.07.16-01.47.09:422][822]LogModuleManager: Shutting down and abandoning module VisualStudioCodeSourceCodeAccess (324)
[2019.07.16-01.47.09:422][822]LogModuleManager: Shutting down and abandoning module UObjectPlugin (322)
[2019.07.16-01.47.09:422][822]LogModuleManager: Shutting down and abandoning module SubversionSourceControl (320)
[2019.07.16-01.47.09:422][822]LogModuleManager: Shutting down and abandoning module PerforceSourceControl (318)
[2019.07.16-01.47.09:422][822]LogModuleManager: Shutting down and abandoning module GitSourceControl (316)
[2019.07.16-01.47.09:422][822]LogModuleManager: Shutting down and abandoning module SourceControl (315)
[2019.07.16-01.47.09:422][822]LogModuleManager: Shutting down and abandoning module CLionSourceCodeAccess (312)
[2019.07.16-01.47.09:422][822]LogModuleManager: Shutting down and abandoning module ActorLayerUtilitiesEditor (310)
[2019.07.16-01.47.09:422][822]LogModuleManager: Shutting down and abandoning module ActorLayerUtilities (308)
[2019.07.16-01.47.09:422][822]LogModuleManager: Shutting down and abandoning module LightPropagationVolumeEditor (306)
[2019.07.16-01.47.09:422][822]LogModuleManager: Shutting down and abandoning module PaperTiledImporter (304)
[2019.07.16-01.47.09:422][822]LogModuleManager: Shutting down and abandoning module PaperSpriteSheetImporter (302)
[2019.07.16-01.47.09:422][822]LogModuleManager: Shutting down and abandoning module Paper2DEditor (300)
[2019.07.16-01.47.09:422][822]LogModuleManager: Shutting down and abandoning module MeshPaint (299)
[2019.07.16-01.47.09:422][822]LogModuleManager: Shutting down and abandoning module RuntimePhysXCooking (294)
[2019.07.16-01.47.09:422][822]LogModuleManager: Shutting down and abandoning module PhysXVehiclesEditor (292)
[2019.07.16-01.47.09:422][822]LogModuleManager: Shutting down and abandoning module PhysXVehicles (290)
[2019.07.16-01.47.09:422][822]LogModuleManager: Shutting down and abandoning module OculusEditor (288)
[2019.07.16-01.47.09:423][822]LogModuleManager: Shutting down and abandoning module LocationServicesBPLibrary (286)
[2019.07.16-01.47.09:423][822]LogModuleManager: Shutting down and abandoning module ActorSequence (284)
[2019.07.16-01.47.09:423][822]LogModuleManager: Shutting down and abandoning module UdpMessaging (282)
[2019.07.16-01.47.09:524][822]LogModuleManager: Shutting down and abandoning module TcpMessaging (280)
[2019.07.16-01.47.09:624][822]LogModuleManager: Shutting down and abandoning module MagicLeapAudio (278)
[2019.07.16-01.47.09:624][822]LogModuleManager: Shutting down and abandoning module GameplayTagsEditor (276)
[2019.07.16-01.47.09:624][822]LogModuleManager: Shutting down and abandoning module FacialAnimationEditor (274)
[2019.07.16-01.47.09:624][822]LogModuleManager: Shutting down and abandoning module FacialAnimation (272)
[2019.07.16-01.47.09:624][822]LogModuleManager: Shutting down and abandoning module DataValidation (270)
[2019.07.16-01.47.09:624][822]LogModuleManager: Shutting down and abandoning module AssetManagerEditor (268)
[2019.07.16-01.47.09:624][822]LogModuleManager: Shutting down and abandoning module LevelEditor (267)
[2019.07.16-01.47.09:624][822]LogModuleManager: Shutting down and abandoning module PixelInspectorModule (266)
[2019.07.16-01.47.09:624][822]LogModuleManager: Shutting down and abandoning module CommonMenuExtensions (264)
[2019.07.16-01.47.09:624][822]LogModuleManager: Shutting down and abandoning module MainFrame (262)
[2019.07.16-01.47.09:625][822]LogModuleManager: Shutting down and abandoning module HotReload (261)
[2019.07.16-01.47.09:625][822]LogModuleManager: Shutting down and abandoning module ContentBrowser (257)
[2019.07.16-01.47.09:626][822]LogModuleManager: Shutting down and abandoning module TreeMap (255)
[2019.07.16-01.47.09:626][822]LogModuleManager: Shutting down and abandoning module LightPropagationVolumeRuntime (252)
[2019.07.16-01.47.09:626][822]LogModuleManager: Shutting down and abandoning module AISupportModule (250)
[2019.07.16-01.47.09:626][822]LogModuleManager: Shutting down and abandoning module Paper2D (248)
[2019.07.16-01.47.09:626][822]LogModuleManager: Shutting down and abandoning module WindowsMoviePlayer (246)
[2019.07.16-01.47.09:626][822]LogModuleManager: Shutting down and abandoning module WebMMoviePlayer (244)
[2019.07.16-01.47.09:626][822]LogModuleManager: Shutting down and abandoning module WmfMedia (242)
[2019.07.16-01.47.09:627][822]LogModuleManager: Shutting down and abandoning module Media (241)
[2019.07.16-01.47.09:633][822]LogModuleManager: Shutting down and abandoning module PacketHandler (238)
[2019.07.16-01.47.09:633][822]LogModuleManager: Shutting down and abandoning module ClothingSystemEditor (236)
[2019.07.16-01.47.09:633][822]LogModuleManager: Shutting down and abandoning module ClothingSystemRuntime (234)
[2019.07.16-01.47.09:633][822]LogModuleManager: Shutting down and abandoning module MediaAssets (232)
[2019.07.16-01.47.09:633][822]LogModuleManager: Shutting down and abandoning module Overlay (230)
[2019.07.16-01.47.09:633][822]LogModuleManager: Shutting down and abandoning module OverlayEditor (229)
[2019.07.16-01.47.09:633][822]LogModuleManager: Shutting down and abandoning module VREditor (226)
[2019.07.16-01.47.09:634][822]LogModuleManager: Shutting down and abandoning module StringTableEditor (224)
[2019.07.16-01.47.09:634][822]LogModuleManager: Shutting down and abandoning module GameplayTasksEditor (222)
[2019.07.16-01.47.09:634][822]LogModuleManager: Shutting down and abandoning module BehaviorTreeEditor (220)
[2019.07.16-01.47.09:634][822]LogModuleManager: Shutting down and abandoning module FunctionalTesting (218)
[2019.07.16-01.47.09:634][822]LogModuleManager: Shutting down and abandoning module CollisionAnalyzer (216)
[2019.07.16-01.47.09:634][822]LogModuleManager: Shutting down and abandoning module WorkspaceMenuStructure (215)
[2019.07.16-01.47.09:634][822]LogModuleManager: Shutting down and abandoning module UMG (212)
[2019.07.16-01.47.09:634][822]LogModuleManager: Shutting down and abandoning module UMGEditor (211)
[2019.07.16-01.47.09:634][822]LogModuleManager: Shutting down and abandoning module Sequencer (210)
[2019.07.16-01.47.09:634][822]LogModuleManager: Shutting down and abandoning module MessageLog (207)
[2019.07.16-01.47.09:634][822]LogModuleManager: Shutting down and abandoning module SlateReflector (202)
[2019.07.16-01.47.09:634][822]LogModuleManager: Shutting down and abandoning module Slate (200)
[2019.07.16-01.47.09:634][822]LogModuleManager: Shutting down and abandoning module EditorStyle (198)
[2019.07.16-01.47.09:635][822]LogModuleManager: Shutting down and abandoning module MRMesh (196)
[2019.07.16-01.47.09:635][822]LogModuleManager: Shutting down and abandoning module SourceCodeAccess (194)
[2019.07.16-01.47.09:635][822]LogModuleManager: Shutting down and abandoning module HeadMountedDisplay (192)
[2019.07.16-01.47.09:635][822]LogModuleManager: Shutting down and abandoning module XAudio2 (190)
[2019.07.16-01.47.09:635][822]LogModuleManager: Shutting down and abandoning module Networking (188)
[2019.07.16-01.47.09:635][822]LogModuleManager: Shutting down and abandoning module Core (186)
[2019.07.16-01.47.09:635][822]LogModuleManager: Shutting down and abandoning module LevelSequence (184)
[2019.07.16-01.47.09:635][822]LogModuleManager: Shutting down and abandoning module KismetCompiler (182)
[2019.07.16-01.47.09:636][822]LogModuleManager: Shutting down and abandoning module MeshUtilities (180)
[2019.07.16-01.47.09:636][822]LogModuleManager: Shutting down and abandoning module MeshMergeUtilities (179)
[2019.07.16-01.47.09:636][822]LogModuleManager: Shutting down and abandoning module MeshReductionInterface (178)
[2019.07.16-01.47.09:636][822]LogModuleManager: Shutting down and abandoning module SimplygonSwarm (177)
[2019.07.16-01.47.09:636][822]LogModuleManager: Shutting down and abandoning module ProxyLODMeshReduction (175)
[2019.07.16-01.47.09:636][822]LogModuleManager: Shutting down and abandoning module SimplygonMeshReduction (173)
[2019.07.16-01.47.09:636][822]LogModuleManager: Shutting down and abandoning module QuadricMeshReduction (171)
[2019.07.16-01.47.09:636][822]LogModuleManager: Shutting down and abandoning module MaterialBaking (167)
[2019.07.16-01.47.09:636][822]LogModuleManager: Shutting down and abandoning module DirectoryWatcher (163)
[2019.07.16-01.47.09:636][822]LogModuleManager: Shutting down and abandoning module DerivedDataCache (160)
[2019.07.16-01.47.09:643][822]LogDerivedDataCache: Shutdown
[2019.07.16-01.47.09:643][822]LogModuleManager: Shutting down and abandoning module XGEController (158)
[2019.07.16-01.47.09:643][822]LogModuleManager: Shutting down and abandoning module TargetPlatform (156)
[2019.07.16-01.47.09:643][822]LogModuleManager: Shutting down and abandoning module VulkanShaderFormat (155)
[2019.07.16-01.47.09:643][822]LogModuleManager: Shutting down and abandoning module ShaderFormatVectorVM (153)
[2019.07.16-01.47.09:643][822]LogModuleManager: Shutting down and abandoning module ShaderFormatOpenGL (151)
[2019.07.16-01.47.09:643][822]LogModuleManager: Shutting down and abandoning module ShaderFormatD3D (149)
[2019.07.16-01.47.09:643][822]LogModuleManager: Shutting down and abandoning module MetalShaderFormat (147)
[2019.07.16-01.47.09:643][822]LogModuleManager: Shutting down and abandoning module TextureFormatUncompressed (145)
[2019.07.16-01.47.09:643][822]LogModuleManager: Shutting down and abandoning module TextureFormatPVR (143)
[2019.07.16-01.47.09:643][822]LogModuleManager: Shutting down and abandoning module TextureFormatDXT (141)
[2019.07.16-01.47.09:643][822]LogModuleManager: Shutting down and abandoning module TextureFormatIntelISPCTexComp (139)
[2019.07.16-01.47.09:644][822]LogModuleManager: Shutting down and abandoning module TextureFormatASTC (137)
[2019.07.16-01.47.09:644][822]LogModuleManager: Shutting down and abandoning module ImageWrapper (136)
[2019.07.16-01.47.09:644][822]LogModuleManager: Shutting down and abandoning module TextureFormatAndroid (133)
[2019.07.16-01.47.09:644][822]LogModuleManager: Shutting down and abandoning module AudioFormatOpus (131)
[2019.07.16-01.47.09:644][822]LogModuleManager: Shutting down and abandoning module AudioFormatOgg (129)
[2019.07.16-01.47.09:644][822]LogModuleManager: Shutting down and abandoning module AudioFormatADPCM (127)
[2019.07.16-01.47.09:644][822]LogModuleManager: Shutting down and abandoning module LuminTargetPlatform (125)
[2019.07.16-01.47.09:644][822]LogModuleManager: Shutting down and abandoning module LinuxTargetPlatform (123)
[2019.07.16-01.47.09:644][822]LogModuleManager: Shutting down and abandoning module LinuxServerTargetPlatform (121)
[2019.07.16-01.47.09:644][822]LogModuleManager: Shutting down and abandoning module LinuxNoEditorTargetPlatform (119)
[2019.07.16-01.47.09:644][822]LogModuleManager: Shutting down and abandoning module LinuxClientTargetPlatform (117)
[2019.07.16-01.47.09:644][822]LogModuleManager: Shutting down and abandoning module TVOSTargetPlatform (115)
[2019.07.16-01.47.09:645][822]LogModuleManager: Shutting down and abandoning module Messaging (113)
[2019.07.16-01.47.09:645][822]LogModuleManager: Shutting down and abandoning module IOSTargetPlatform (111)
[2019.07.16-01.47.09:646][822]LogModuleManager: Shutting down and abandoning module HTML5TargetPlatform (109)
[2019.07.16-01.47.09:646][822]LogModuleManager: Shutting down and abandoning module AndroidTargetPlatform (107)
[2019.07.16-01.47.09:651][822]LogModuleManager: Shutting down and abandoning module WindowsTargetPlatform (105)
[2019.07.16-01.47.09:651][822]LogModuleManager: Shutting down and abandoning module WindowsServerTargetPlatform (103)
[2019.07.16-01.47.09:651][822]LogModuleManager: Shutting down and abandoning module WindowsNoEditorTargetPlatform (101)
[2019.07.16-01.47.09:651][822]LogModuleManager: Shutting down and abandoning module WindowsClientTargetPlatform (99)
[2019.07.16-01.47.09:651][822]LogModuleManager: Shutting down and abandoning module MacTargetPlatform (97)
[2019.07.16-01.47.09:651][822]LogModuleManager: Shutting down and abandoning module MacServerTargetPlatform (95)
[2019.07.16-01.47.09:651][822]LogModuleManager: Shutting down and abandoning module MacNoEditorTargetPlatform (93)
[2019.07.16-01.47.09:651][822]LogModuleManager: Shutting down and abandoning module MacClientTargetPlatform (91)
[2019.07.16-01.47.09:651][822]LogModuleManager: Shutting down and abandoning module AllDesktopTargetPlatform (89)
[2019.07.16-01.47.09:651][822]LogModuleManager: Shutting down and abandoning module InputCore (86)
[2019.07.16-01.47.09:651][822]LogModuleManager: Shutting down and abandoning module Settings (84)
[2019.07.16-01.47.09:651][822]LogModuleManager: Shutting down and abandoning module PhysXCooking (82)
[2019.07.16-01.47.09:651][822]LogModuleManager: Shutting down and abandoning module SteamVR (80)
[2019.07.16-01.47.09:651][822]LogHMD: Freeing OpenVRDLLHandle.
[2019.07.16-01.47.09:651][822]LogModuleManager: Shutting down and abandoning module OculusHMD (78)
[2019.07.16-01.47.09:651][822]LogModuleManager: Shutting down and abandoning module ExampleDeviceProfileSelector (76)
[2019.07.16-01.47.09:651][822]LogModuleManager: Shutting down and abandoning module LauncherChunkInstaller (74)
[2019.07.16-01.47.09:651][822]LogModuleManager: Shutting down and abandoning module OnlineBlueprintSupport (72)
[2019.07.16-01.47.09:651][822]LogModuleManager: Shutting down and abandoning module OnlineSubsystem (68)
[2019.07.16-01.47.09:652][822]LogModuleManager: Shutting down and abandoning module XMPP (63)
[2019.07.16-01.47.09:652][822]LogModuleManager: Shutting down and abandoning module WebSockets (62)
[2019.07.16-01.47.09:676][822]LogModuleManager: Shutting down and abandoning module HTTP (59)
[2019.07.16-01.47.09:676][822]LogHttp: Display: Http module shutting down, but needs to wait on 1 outstanding Http requests:
[2019.07.16-01.47.09:676][822]LogHttp: Display: 	verb=[POST] url=[https://datarouter.ol.epicgames.com/datarouter/api/v1/public/data?SessionID=%7B3D124BE6-4C21-5B1F-CF33-6186D0816EF2%7D&AppID=UEEditor.Rocket.Release&AppVersion=4.21.0-4541578%2B%2B%2BUE4%2BRelease-4.21&UserID=f6d29c0c462eeffd87c43c9ff9169fb7%7C3107ab0080264727a54fc56eeaafae84%7C621e4482-d576-4e5a-a8df-9fe7f653c144&AppEnvironment=datacollector-binary&UploadType=eteventstream] status=Processing
[2019.07.16-01.47.09:682][822]LogModuleManager: Shutting down and abandoning module SSL (58)
[2019.07.16-01.47.09:683][822]LogModuleManager: Shutting down and abandoning module MagicLeapIdentity (54)
[2019.07.16-01.47.09:683][822]LogModuleManager: Shutting down and abandoning module MagicLeapHelperVulkan (52)
[2019.07.16-01.47.09:683][822]LogModuleManager: Shutting down and abandoning module MagicLeapHelperOpenGL (50)
[2019.07.16-01.47.09:683][822]LogModuleManager: Shutting down and abandoning module MagicLeapSecureStorage (48)
[2019.07.16-01.47.09:683][822]LogModuleManager: Shutting down and abandoning module MagicLeapHandTracking (46)
[2019.07.16-01.47.09:683][822]LogModuleManager: Shutting down and abandoning module MagicLeapEyeTracker (44)
[2019.07.16-01.47.09:683][822]LogModuleManager: Shutting down and abandoning module MagicLeapController (42)
[2019.07.16-01.47.09:683][822]LogSlate: Slate User Destroyed.  User Index 0, Is Virtual User: 0
[2019.07.16-01.47.09:683][822]LogModuleManager: Shutting down and abandoning module MagicLeap (40)
[2019.07.16-01.47.09:683][822]LogModuleManager: Shutting down and abandoning module DatasmithContent (38)
[2019.07.16-01.47.09:683][822]LogModuleManager: Shutting down and abandoning module AnimationModifiers (36)
[2019.07.16-01.47.09:683][822]LogModuleManager: Shutting down and abandoning module PropertyEditor (35)
[2019.07.16-01.47.09:683][822]LogModuleManager: Shutting down and abandoning module AudioEditor (32)
[2019.07.16-01.47.09:683][822]LogModuleManager: Shutting down and abandoning module TextureCompressor (30)
[2019.07.16-01.47.09:683][822]LogModuleManager: Shutting down and abandoning module ShaderCore (28)
[2019.07.16-01.47.09:683][822]LogModuleManager: Shutting down and abandoning module Landscape (26)
[2019.07.16-01.47.09:683][822]LogModuleManager: Shutting down and abandoning module SlateRHIRenderer (24)
[2019.07.16-01.47.09:684][822]LogModuleManager: Shutting down and abandoning module OpenGLDrv (22)
[2019.07.16-01.47.09:684][822]LogModuleManager: Shutting down and abandoning module D3D11RHI (20)
[2019.07.16-01.47.09:684][822]LogModuleManager: Shutting down and abandoning module AnimGraphRuntime (18)
[2019.07.16-01.47.09:684][822]LogModuleManager: Shutting down and abandoning module Renderer (16)
[2019.07.16-01.47.09:684][822]LogModuleManager: Shutting down and abandoning module Engine (14)
[2019.07.16-01.47.09:684][822]LogModuleManager: Shutting down and abandoning module CoreUObject (12)
[2019.07.16-01.47.09:684][822]LogModuleManager: Shutting down and abandoning module NetworkFile (10)
[2019.07.16-01.47.09:684][822]LogModuleManager: Shutting down and abandoning module CookedIterativeFile (8)
[2019.07.16-01.47.09:684][822]LogModuleManager: Shutting down and abandoning module StreamingFile (6)
[2019.07.16-01.47.09:684][822]LogModuleManager: Shutting down and abandoning module SandboxFile (4)
[2019.07.16-01.47.09:684][822]LogModuleManager: Shutting down and abandoning module PakFile (2)
[2019.07.16-01.47.09:691][822]LogExit: Exiting.
[2019.07.16-01.47.09:696][822]Log file closed, 07/16/19 03:47:09
