Log file open, 07/22/19 20:01:54
LogWindows: Failed to load 'aqProf.dll' (GetLastError=126)
LogWindows: File 'aqProf.dll' does not exist
LogWindows: Failed to load 'VtuneApi.dll' (GetLastError=126)
LogWindows: File 'VtuneApi.dll' does not exist
LogWindows: Failed to load 'VtuneApi32e.dll' (GetLastError=126)
LogWindows: File 'VtuneApi32e.dll' does not exist
LogConsoleResponse: Display: Failed to find resolution value strings in scalability ini. Falling back to default.
LogInit: Display: Running engine for game: BuildingEscape02
LogPakFile: Registered encryption key '00000000000000000000000000000000': 0 pak files mounted, 0 remain pending
LogPlatformFile: Not using cached read wrapper
LogTaskGraph: Started task graph with 5 named threads and 23 total threads with 3 sets of task threads.
LogStats: Stats thread started at 0.277937
LogD3D11RHI: Loaded GFSDK_Aftermath_Lib.x64.dll
LogICUInternationalization: ICU TimeZone Detection - Raw Offset: +1:00, Platform Override: ''
LogPluginManager: Mounting plugin Paper2D
LogPluginManager: Mounting plugin AISupport
LogPluginManager: Mounting plugin LightPropagationVolume
LogPluginManager: Mounting plugin ActorLayerUtilities
LogPluginManager: Mounting plugin CLionSourceCodeAccess
LogPluginManager: Mounting plugin CodeLiteSourceCodeAccess
LogPluginManager: Mounting plugin GitSourceControl
LogPluginManager: Mounting plugin KDevelopSourceCodeAccess
LogPluginManager: Mounting plugin NullSourceCodeAccess
LogPluginManager: Mounting plugin PerforceSourceControl
LogPluginManager: Mounting plugin SubversionSourceControl
LogPluginManager: Mounting plugin UObjectPlugin
LogPluginManager: Mounting plugin VisualStudioCodeSourceCodeAccess
LogPluginManager: Mounting plugin VisualStudioSourceCodeAccess
LogPluginManager: Mounting plugin XCodeSourceCodeAccess
LogPluginManager: Mounting plugin AssetManagerEditor
LogPluginManager: Mounting plugin CryptoKeys
LogPluginManager: Mounting plugin DataValidation
LogPluginManager: Mounting plugin FacialAnimation
LogPluginManager: Mounting plugin GameplayTagsEditor
LogPluginManager: Mounting plugin MacGraphicsSwitching
LogPluginManager: Mounting plugin MeshEditor
LogPluginManager: Mounting plugin MobileLauncherProfileWizard
LogPluginManager: Mounting plugin PluginBrowser
LogPluginManager: Mounting plugin SpeedTreeImporter
LogPluginManager: Mounting plugin DatasmithContent
LogPluginManager: Mounting plugin VariantManagerContent
LogPluginManager: Mounting plugin AlembicImporter
LogPluginManager: Mounting plugin AppleImageUtils
LogPluginManager: Mounting plugin AppleVision
LogPluginManager: Mounting plugin BackChannel
LogPluginManager: Mounting plugin CharacterAI
LogPluginManager: Mounting plugin GeometryCache
LogPluginManager: Mounting plugin HTML5Networking
LogPluginManager: Mounting plugin ProxyLODPlugin
LogPluginManager: Mounting plugin MagicLeap
LogPluginManager: Mounting plugin MagicLeapMedia
LogPluginManager: Mounting plugin AndroidMedia
LogPluginManager: Mounting plugin AvfMedia
LogPluginManager: Mounting plugin ImgMedia
LogPluginManager: Mounting plugin LinearTimecode
LogPluginManager: Mounting plugin MediaCompositing
LogPluginManager: Mounting plugin MediaPlayerEditor
LogPluginManager: Mounting plugin WebMMedia
LogPluginManager: Mounting plugin WmfMedia
LogPluginManager: Mounting plugin TcpMessaging
LogPluginManager: Mounting plugin UdpMessaging
LogPluginManager: Mounting plugin ActorSequence
LogPluginManager: Mounting plugin LevelSequenceEditor
LogPluginManager: Mounting plugin MatineeToLevelSequence
LogPluginManager: Mounting plugin NetcodeUnitTest
LogPluginManager: Mounting plugin NUTUnrealEngine4
LogPluginManager: Mounting plugin OnlineSubsystemGooglePlay
LogPluginManager: Mounting plugin OnlineSubsystemIOS
LogPluginManager: Mounting plugin OnlineSubsystem
LogPluginManager: Mounting plugin OnlineSubsystemNull
LogPluginManager: Mounting plugin OnlineSubsystemUtils
LogPluginManager: Mounting plugin LauncherChunkInstaller
LogPluginManager: Mounting plugin AndroidDeviceProfileSelector
LogPluginManager: Mounting plugin AndroidMoviePlayer
LogPluginManager: Mounting plugin AndroidPermission
LogPluginManager: Mounting plugin AppleMoviePlayer
LogPluginManager: Mounting plugin ArchVisCharacter
LogPluginManager: Mounting plugin AudioCapture
LogPluginManager: Mounting plugin CableComponent
LogPluginManager: Mounting plugin CustomMeshComponent
LogPluginManager: Mounting plugin EditableMesh
LogPluginManager: Mounting plugin ExampleDeviceProfileSelector
LogPluginManager: Mounting plugin Firebase
LogPluginManager: Mounting plugin GoogleCloudMessaging
LogPluginManager: Mounting plugin IOSDeviceProfileSelector
LogPluginManager: Mounting plugin LinuxDeviceProfileSelector
LogPluginManager: Mounting plugin LocationServicesBPLibrary
LogPluginManager: Mounting plugin MobilePatchingUtils
LogPluginManager: Mounting plugin OculusVR
LogPluginManager: Mounting plugin PhysXVehicles
LogPluginManager: Mounting plugin ProceduralMeshComponent
LogPluginManager: Mounting plugin RuntimePhysXCooking
LogPluginManager: Mounting plugin SteamVR
LogPluginManager: Mounting plugin WebMMoviePlayer
LogPluginManager: Mounting plugin WindowsMoviePlayer
LogStreaming: Display: Took  0.059s to configure plugins.
LogInit: Using libcurl 7.55.1-DEV
LogInit:  - built for x86_64-pc-win32
LogInit:  - supports SSL with OpenSSL/1.0.2h
LogInit:  - supports HTTP deflate (compression) using libz 1.2.8
LogInit:  - other features:
LogInit:      CURL_VERSION_SSL
LogInit:      CURL_VERSION_LIBZ
LogInit:      CURL_VERSION_IPV6
LogInit:      CURL_VERSION_ASYNCHDNS
LogInit:      CURL_VERSION_LARGEFILE
LogInit:      CURL_VERSION_IDN
LogInit:  CurlRequestOptions (configurable via config and command line):
LogInit:  - bVerifyPeer = true  - Libcurl will verify peer certificate
LogInit:  - bUseHttpProxy = false  - Libcurl will NOT use HTTP proxy
LogInit:  - bDontReuseConnections = false  - Libcurl will reuse connections
LogInit:  - MaxHostConnections = 16  - Libcurl will limit the number of connections to a host
LogInit:  - LocalHostAddr = Default
LogInit:  - BufferSize = 65536
LogInit: WinSock: version 1.1 (2.2), MaxSocks=32767, MaxUdp=65467
LogInit: Build: ++UE4+Release-4.21-CL-4541578
LogInit: Engine Version: 4.21.0-4541578+++UE4+Release-4.21
LogInit: Compatible Engine Version: 4.21.0-4541578+++UE4+Release-4.21
LogInit: Net CL: 4541578
LogInit: OS: Windows 10 (), CPU: Intel(R) Core(TM) i7-7700HQ CPU @ 2.80GHz, GPU: NVIDIA GeForce GTX 1060
LogInit: Compiled (64-bit): Nov  6 2018 02:04:24
LogInit: Compiled with Visual C++: 19.13.26129.00
LogInit: Build Configuration: Development
LogInit: Branch Name: ++UE4+Release-4.21
LogInit: Command Line: 
LogInit: Base Directory: C:/Program Files/Epic Games/UE_4.21/Engine/Binaries/Win64/
LogInit: Installed Engine Build: 1
LogDevObjectVersion: Number of dev versions registered: 22
LogDevObjectVersion:   Dev-Blueprints (B0D832E4-1F89-4F0D-ACCF-7EB736FD4AA2): 10
LogDevObjectVersion:   Dev-Build (E1C64328-A22C-4D53-A36C-8E866417BD8C): 0
LogDevObjectVersion:   Dev-Core (375EC13C-06E4-48FB-B500-84F0262A717E): 2
LogDevObjectVersion:   Dev-Editor (E4B068ED-F494-42E9-A231-DA0B2E46BB41): 26
LogDevObjectVersion:   Dev-Framework (CFFC743F-43B0-4480-9391-14DF171D2073): 34
LogDevObjectVersion:   Dev-Mobile (B02B49B5-BB20-44E9-A304-32B752E40360): 2
LogDevObjectVersion:   Dev-Networking (A4E4105C-59A1-49B5-A7C5-40C4547EDFEE): 0
LogDevObjectVersion:   Dev-Online (39C831C9-5AE6-47DC-9A44-9C173E1C8E7C): 0
LogDevObjectVersion:   Dev-Physics (78F01B33-EBEA-4F98-B9B4-84EACCB95AA2): 0
LogDevObjectVersion:   Dev-Platform (6631380F-2D4D-43E0-8009-CF276956A95A): 0
LogDevObjectVersion:   Dev-Rendering (12F88B9F-8875-4AFC-A67C-D90C383ABD29): 27
LogDevObjectVersion:   Dev-Sequencer (7B5AE74C-D270-4C10-A958-57980B212A5A): 9
LogDevObjectVersion:   Dev-VR (D7296918-1DD6-4BDD-9DE2-64A83CC13884): 2
LogDevObjectVersion:   Dev-LoadTimes (C2A15278-BFE7-4AFE-6C17-90FF531DF755): 1
LogDevObjectVersion:   Private-Geometry (6EACA3D4-40EC-4CC1-B786-8BED09428FC5): 3
LogDevObjectVersion:   Dev-AnimPhys (29E575DD-E0A3-4627-9D10-D276232CDCEA): 17
LogDevObjectVersion:   Dev-Anim (AF43A65D-7FD3-4947-9873-3E8ED9C1BB05): 2
LogDevObjectVersion:   Dev-ReflectionCapture (6B266CEC-1EC7-4B8F-A30B-E4D90942FC07): 1
LogDevObjectVersion:   Dev-Automation (0DF73D61-A23F-47EA-B727-89E90C41499A): 1
LogDevObjectVersion:   FortniteMain (601D1886-AC64-4F84-AA16-D3DE0DEAC7D6): 17
LogDevObjectVersion:   Dev-Enterprise (9DFFBCD6-494F-0158-E221-12823C92A888): 4
LogDevObjectVersion:   Dev-Niagara (F2AED0AC-9AFE-416F-8664-AA7FFA26D6FC): 1
LogStreaming: Display: Took  0.001s to delete old logs.
LogInit: Presizing for max 8388607 objects, including 0 objects not considered by GC, pre-allocating 0 bytes for permanent pool.
LogInit: Object subsystem initialized
LogConfig: Setting CVar [[con.DebugEarlyDefault:1]]
LogConfig: Setting CVar [[r.setres:1280x720]]
[2019.07.22-18.01.54:360][  0]LogConfig: Setting CVar [[r.VSync:0]]
[2019.07.22-18.01.54:360][  0]LogConfig: Setting CVar [[r.RHICmdBypass:0]]
[2019.07.22-18.01.54:360][  0]LogConfig: Applying CVar settings from Section [/Script/Engine.RendererSettings] File [C:/Users/Leaf/Documents/repos/BuildingEscape/BuildingEscape02/Saved/Config/Windows/Engine.ini]
[2019.07.22-18.01.54:360][  0]LogConfig: Setting CVar [[r.GPUCrashDebugging:0]]
[2019.07.22-18.01.54:360][  0]LogConfig: Applying CVar settings from Section [/Script/Engine.RendererOverrideSettings] File [C:/Users/Leaf/Documents/repos/BuildingEscape/BuildingEscape02/Saved/Config/Windows/Engine.ini]
[2019.07.22-18.01.54:360][  0]LogConfig: Applying CVar settings from Section [/Script/Engine.StreamingSettings] File [C:/Users/Leaf/Documents/repos/BuildingEscape/BuildingEscape02/Saved/Config/Windows/Engine.ini]
[2019.07.22-18.01.54:360][  0]LogConfig: Setting CVar [[s.MinBulkDataSizeForAsyncLoading:131072]]
[2019.07.22-18.01.54:360][  0]LogConfig: Setting CVar [[s.AsyncLoadingThreadEnabled:0]]
[2019.07.22-18.01.54:360][  0]LogConfig: Setting CVar [[s.EventDrivenLoaderEnabled:1]]
[2019.07.22-18.01.54:360][  0]LogConfig: Setting CVar [[s.WarnIfTimeLimitExceeded:0]]
[2019.07.22-18.01.54:360][  0]LogConfig: Setting CVar [[s.TimeLimitExceededMultiplier:1.5]]
[2019.07.22-18.01.54:360][  0]LogConfig: Setting CVar [[s.TimeLimitExceededMinTime:0.005]]
[2019.07.22-18.01.54:360][  0]LogConfig: Setting CVar [[s.UseBackgroundLevelStreaming:1]]
[2019.07.22-18.01.54:360][  0]LogConfig: Setting CVar [[s.PriorityAsyncLoadingExtraTime:15.0]]
[2019.07.22-18.01.54:360][  0]LogConfig: Setting CVar [[s.LevelStreamingActorsUpdateTimeLimit:5.0]]
[2019.07.22-18.01.54:360][  0]LogConfig: Setting CVar [[s.PriorityLevelStreamingActorsUpdateExtraTime:5.0]]
[2019.07.22-18.01.54:360][  0]LogConfig: Setting CVar [[s.LevelStreamingComponentsRegistrationGranularity:10]]
[2019.07.22-18.01.54:360][  0]LogConfig: Setting CVar [[s.UnregisterComponentsTimeLimit:1.0]]
[2019.07.22-18.01.54:360][  0]LogConfig: Setting CVar [[s.LevelStreamingComponentsUnregistrationGranularity:5]]
[2019.07.22-18.01.54:360][  0]LogConfig: Applying CVar settings from Section [/Script/Engine.GarbageCollectionSettings] File [C:/Users/Leaf/Documents/repos/BuildingEscape/BuildingEscape02/Saved/Config/Windows/Engine.ini]
[2019.07.22-18.01.54:360][  0]LogConfig: Setting CVar [[gc.MaxObjectsNotConsideredByGC:1]]
[2019.07.22-18.01.54:360][  0]LogConfig: Setting CVar [[gc.SizeOfPermanentObjectPool:0]]
[2019.07.22-18.01.54:360][  0]LogConfig: Setting CVar [[gc.FlushStreamingOnGC:0]]
[2019.07.22-18.01.54:360][  0]LogConfig: Setting CVar [[gc.NumRetriesBeforeForcingGC:10]]
[2019.07.22-18.01.54:360][  0]LogConfig: Setting CVar [[gc.AllowParallelGC:1]]
[2019.07.22-18.01.54:360][  0]LogConfig: Setting CVar [[gc.TimeBetweenPurgingPendingKillObjects:61.1]]
[2019.07.22-18.01.54:360][  0]LogConfig: Setting CVar [[gc.MaxObjectsInEditor:8388607]]
[2019.07.22-18.01.54:360][  0]LogConfig: Setting CVar [[gc.IncrementalBeginDestroyEnabled:1]]
[2019.07.22-18.01.54:360][  0]LogConfig: Setting CVar [[gc.CreateGCClusters:1]]
[2019.07.22-18.01.54:360][  0]LogConfig: Setting CVar [[gc.MergeGCClusters:0]]
[2019.07.22-18.01.54:360][  0]LogConfig: Setting CVar [[gc.MinGCClusterSize:5]]
[2019.07.22-18.01.54:360][  0]LogConfig: Setting CVar [[gc.ActorClusteringEnabled:0]]
[2019.07.22-18.01.54:360][  0]LogConfig: Setting CVar [[gc.BlueprintClusteringEnabled:0]]
[2019.07.22-18.01.54:360][  0]LogConfig: Setting CVar [[gc.UseDisregardForGCOnDedicatedServers:0]]
[2019.07.22-18.01.54:360][  0]LogConfig: Applying CVar settings from Section [/Script/Engine.NetworkSettings] File [C:/Users/Leaf/Documents/repos/BuildingEscape/BuildingEscape02/Saved/Config/Windows/Engine.ini]
[2019.07.22-18.01.54:360][  0]LogConfig: Applying CVar settings from Section [/Script/UnrealEd.CookerSettings] File [C:/Users/Leaf/Documents/repos/BuildingEscape/BuildingEscape02/Saved/Config/Windows/Engine.ini]
[2019.07.22-18.01.54:362][  0]LogConfig: Applying CVar settings from Section [ViewDistanceQuality@3] File [C:/Users/Leaf/Documents/repos/BuildingEscape/BuildingEscape02/Saved/Config/Windows/Scalability.ini]
[2019.07.22-18.01.54:362][  0]LogConfig: Setting CVar [[r.SkeletalMeshLODBias:0]]
[2019.07.22-18.01.54:362][  0]LogConfig: Setting CVar [[r.ViewDistanceScale:1.0]]
[2019.07.22-18.01.54:362][  0]LogConfig: Applying CVar settings from Section [AntiAliasingQuality@3] File [C:/Users/Leaf/Documents/repos/BuildingEscape/BuildingEscape02/Saved/Config/Windows/Scalability.ini]
[2019.07.22-18.01.54:362][  0]LogConfig: Setting CVar [[r.PostProcessAAQuality:4]]
[2019.07.22-18.01.54:362][  0]LogConfig: Applying CVar settings from Section [ShadowQuality@3] File [C:/Users/Leaf/Documents/repos/BuildingEscape/BuildingEscape02/Saved/Config/Windows/Scalability.ini]
[2019.07.22-18.01.54:362][  0]LogConfig: Setting CVar [[r.LightFunctionQuality:1]]
[2019.07.22-18.01.54:362][  0]LogConfig: Setting CVar [[r.ShadowQuality:5]]
[2019.07.22-18.01.54:362][  0]LogConfig: Setting CVar [[r.Shadow.CSM.MaxCascades:10]]
[2019.07.22-18.01.54:362][  0]LogConfig: Setting CVar [[r.Shadow.MaxResolution:2048]]
[2019.07.22-18.01.54:362][  0]LogConfig: Setting CVar [[r.Shadow.MaxCSMResolution:2048]]
[2019.07.22-18.01.54:362][  0]LogConfig: Setting CVar [[r.Shadow.RadiusThreshold:0.01]]
[2019.07.22-18.01.54:362][  0]LogConfig: Setting CVar [[r.Shadow.DistanceScale:1.0]]
[2019.07.22-18.01.54:362][  0]LogConfig: Setting CVar [[r.Shadow.CSM.TransitionScale:1.0]]
[2019.07.22-18.01.54:362][  0]LogConfig: Setting CVar [[r.Shadow.PreShadowResolutionFactor:1.0]]
[2019.07.22-18.01.54:362][  0]LogConfig: Setting CVar [[r.DistanceFieldShadowing:1]]
[2019.07.22-18.01.54:362][  0]LogConfig: Setting CVar [[r.DistanceFieldAO:1]]
[2019.07.22-18.01.54:362][  0]LogConfig: Setting CVar [[r.AOQuality:2]]
[2019.07.22-18.01.54:362][  0]LogConfig: Setting CVar [[r.VolumetricFog:1]]
[2019.07.22-18.01.54:362][  0]LogConfig: Setting CVar [[r.VolumetricFog.GridPixelSize:8]]
[2019.07.22-18.01.54:362][  0]LogConfig: Setting CVar [[r.VolumetricFog.GridSizeZ:128]]
[2019.07.22-18.01.54:362][  0]LogConfig: Setting CVar [[r.VolumetricFog.HistoryMissSupersampleCount:4]]
[2019.07.22-18.01.54:362][  0]LogConfig: Setting CVar [[r.LightMaxDrawDistanceScale:1]]
[2019.07.22-18.01.54:362][  0]LogConfig: Setting CVar [[r.CapsuleShadows:1]]
[2019.07.22-18.01.54:362][  0]LogConfig: Applying CVar settings from Section [PostProcessQuality@3] File [C:/Users/Leaf/Documents/repos/BuildingEscape/BuildingEscape02/Saved/Config/Windows/Scalability.ini]
[2019.07.22-18.01.54:362][  0]LogConfig: Setting CVar [[r.MotionBlurQuality:4]]
[2019.07.22-18.01.54:362][  0]LogConfig: Setting CVar [[r.AmbientOcclusionMipLevelFactor:0.4]]
[2019.07.22-18.01.54:362][  0]LogConfig: Setting CVar [[r.AmbientOcclusionMaxQuality:100]]
[2019.07.22-18.01.54:362][  0]LogConfig: Setting CVar [[r.AmbientOcclusionLevels:-1]]
[2019.07.22-18.01.54:362][  0]LogConfig: Setting CVar [[r.AmbientOcclusionRadiusScale:1.0]]
[2019.07.22-18.01.54:362][  0]LogConfig: Setting CVar [[r.DepthOfFieldQuality:2]]
[2019.07.22-18.01.54:362][  0]LogConfig: Setting CVar [[r.RenderTargetPoolMin:400]]
[2019.07.22-18.01.54:362][  0]LogConfig: Setting CVar [[r.LensFlareQuality:2]]
[2019.07.22-18.01.54:362][  0]LogConfig: Setting CVar [[r.SceneColorFringeQuality:1]]
[2019.07.22-18.01.54:362][  0]LogConfig: Setting CVar [[r.EyeAdaptationQuality:2]]
[2019.07.22-18.01.54:362][  0]LogConfig: Setting CVar [[r.BloomQuality:5]]
[2019.07.22-18.01.54:362][  0]LogConfig: Setting CVar [[r.FastBlurThreshold:100]]
[2019.07.22-18.01.54:362][  0]LogConfig: Setting CVar [[r.Upscale.Quality:3]]
[2019.07.22-18.01.54:362][  0]LogConfig: Setting CVar [[r.Tonemapper.GrainQuantization:1]]
[2019.07.22-18.01.54:362][  0]LogConfig: Setting CVar [[r.LightShaftQuality:1]]
[2019.07.22-18.01.54:362][  0]LogConfig: Setting CVar [[r.Filter.SizeScale:1]]
[2019.07.22-18.01.54:362][  0]LogConfig: Setting CVar [[r.Tonemapper.Quality:5]]
[2019.07.22-18.01.54:362][  0]LogConfig: Setting CVar [[r.DOF.Gather.AccumulatorQuality:1        ; higher gathering accumulator quality]]
[2019.07.22-18.01.54:362][  0]LogConfig: Setting CVar [[r.DOF.Gather.PostfilterMethod:1          ; Median3x3 postfilering method]]
[2019.07.22-18.01.54:362][  0]LogConfig: Setting CVar [[r.DOF.Gather.EnableBokehSettings:0       ; no bokeh simulation when gathering]]
[2019.07.22-18.01.54:362][  0]LogConfig: Setting CVar [[r.DOF.Gather.RingCount:4                 ; medium number of samples when gathering]]
[2019.07.22-18.01.54:362][  0]LogConfig: Setting CVar [[r.DOF.Scatter.ForegroundCompositing:1    ; additive foreground scattering]]
[2019.07.22-18.01.54:362][  0]LogConfig: Setting CVar [[r.DOF.Scatter.BackgroundCompositing:2    ; additive background scattering]]
[2019.07.22-18.01.54:362][  0]LogConfig: Setting CVar [[r.DOF.Scatter.EnableBokehSettings:1      ; bokeh simulation when scattering]]
[2019.07.22-18.01.54:362][  0]LogConfig: Setting CVar [[r.DOF.Scatter.MaxSpriteRatio:0.1         ; only a maximum of 10% of scattered bokeh]]
[2019.07.22-18.01.54:362][  0]LogConfig: Setting CVar [[r.DOF.Recombine.Quality:1                ; cheap slight out of focus]]
[2019.07.22-18.01.54:362][  0]LogConfig: Setting CVar [[r.DOF.Recombine.EnableBokehSettings:0    ; no bokeh simulation on slight out of focus]]
[2019.07.22-18.01.54:362][  0]LogConfig: Setting CVar [[r.DOF.TemporalAAQuality:1                ; more stable temporal accumulation]]
[2019.07.22-18.01.54:362][  0]LogConfig: Setting CVar [[r.DOF.Kernel.MaxForegroundRadius:0.025]]
[2019.07.22-18.01.54:362][  0]LogConfig: Setting CVar [[r.DOF.Kernel.MaxBackgroundRadius:0.025]]
[2019.07.22-18.01.54:362][  0]LogConfig: Applying CVar settings from Section [TextureQuality@3] File [C:/Users/Leaf/Documents/repos/BuildingEscape/BuildingEscape02/Saved/Config/Windows/Scalability.ini]
[2019.07.22-18.01.54:362][  0]LogConfig: Setting CVar [[r.Streaming.MipBias:0]]
[2019.07.22-18.01.54:362][  0]LogConfig: Setting CVar [[r.Streaming.AmortizeCPUToGPUCopy:0]]
[2019.07.22-18.01.54:362][  0]LogConfig: Setting CVar [[r.Streaming.MaxNumTexturesToStreamPerFrame:0]]
[2019.07.22-18.01.54:362][  0]LogConfig: Setting CVar [[r.Streaming.Boost:1]]
[2019.07.22-18.01.54:363][  0]LogConfig: Setting CVar [[r.MaxAnisotropy:8]]
[2019.07.22-18.01.54:363][  0]LogConfig: Setting CVar [[r.Streaming.LimitPoolSizeToVRAM:0]]
[2019.07.22-18.01.54:363][  0]LogConfig: Setting CVar [[r.Streaming.PoolSize:1000]]
[2019.07.22-18.01.54:363][  0]LogConfig: Setting CVar [[r.Streaming.MaxEffectiveScreenSize:0]]
[2019.07.22-18.01.54:363][  0]LogConfig: Applying CVar settings from Section [EffectsQuality@3] File [C:/Users/Leaf/Documents/repos/BuildingEscape/BuildingEscape02/Saved/Config/Windows/Scalability.ini]
[2019.07.22-18.01.54:363][  0]LogConfig: Setting CVar [[r.TranslucencyLightingVolumeDim:64]]
[2019.07.22-18.01.54:363][  0]LogConfig: Setting CVar [[r.RefractionQuality:2]]
[2019.07.22-18.01.54:363][  0]LogConfig: Setting CVar [[r.SSR.Quality:3]]
[2019.07.22-18.01.54:363][  0]LogConfig: Setting CVar [[r.SceneColorFormat:4]]
[2019.07.22-18.01.54:363][  0]LogConfig: Setting CVar [[r.DetailMode:2]]
[2019.07.22-18.01.54:363][  0]LogConfig: Setting CVar [[r.TranslucencyVolumeBlur:1]]
[2019.07.22-18.01.54:363][  0]LogConfig: Setting CVar [[r.MaterialQualityLevel:1 ; High quality]]
[2019.07.22-18.01.54:363][  0]LogConfig: Setting CVar [[r.SSS.Scale:1]]
[2019.07.22-18.01.54:363][  0]LogConfig: Setting CVar [[r.SSS.SampleSet:2]]
[2019.07.22-18.01.54:363][  0]LogConfig: Setting CVar [[r.SSS.Quality:1]]
[2019.07.22-18.01.54:363][  0]LogConfig: Setting CVar [[r.SSS.HalfRes:1]]
[2019.07.22-18.01.54:363][  0]LogConfig: Setting CVar [[r.EmitterSpawnRateScale:1.0]]
[2019.07.22-18.01.54:363][  0]LogConfig: Setting CVar [[r.ParticleLightQuality:2]]
[2019.07.22-18.01.54:363][  0]LogConfig: Applying CVar settings from Section [FoliageQuality@3] File [C:/Users/Leaf/Documents/repos/BuildingEscape/BuildingEscape02/Saved/Config/Windows/Scalability.ini]
[2019.07.22-18.01.54:363][  0]LogConfig: Setting CVar [[foliage.DensityScale:1.0]]
[2019.07.22-18.01.54:363][  0]LogConfig: Setting CVar [[grass.DensityScale:1.0]]
[2019.07.22-18.01.54:363][  0]LogInit: Selected Device Profile: [Windows]
[2019.07.22-18.01.54:363][  0]LogInit: Applying CVar settings loaded from the selected device profile: [Windows]
[2019.07.22-18.01.54:369][  0]LogHAL: Display: Platform has ~ 16 GB [17130545152 / 17179869184 / 16], which maps to Larger [LargestMinGB=32, LargerMinGB=12, DefaultMinGB=8, SmallerMinGB=6, SmallestMinGB=0)
[2019.07.22-18.01.54:369][  0]LogConfig: Setting CVar [[r.Vulkan.UseRealUBs:1]]
[2019.07.22-18.01.54:369][  0]LogInit: Going up to parent DeviceProfile []
[2019.07.22-18.01.54:369][  0]LogConfig: Applying CVar settings from Section [ViewDistanceQuality@3] File [C:/Users/Leaf/Documents/repos/BuildingEscape/BuildingEscape02/Saved/Config/Windows/Scalability.ini]
[2019.07.22-18.01.54:369][  0]LogConfig: Setting CVar [[r.SkeletalMeshLODBias:0]]
[2019.07.22-18.01.54:369][  0]LogConfig: Setting CVar [[r.ViewDistanceScale:1.0]]
[2019.07.22-18.01.54:369][  0]LogConfig: Applying CVar settings from Section [AntiAliasingQuality@3] File [C:/Users/Leaf/Documents/repos/BuildingEscape/BuildingEscape02/Saved/Config/Windows/Scalability.ini]
[2019.07.22-18.01.54:369][  0]LogConfig: Setting CVar [[r.PostProcessAAQuality:4]]
[2019.07.22-18.01.54:369][  0]LogConfig: Applying CVar settings from Section [ShadowQuality@3] File [C:/Users/Leaf/Documents/repos/BuildingEscape/BuildingEscape02/Saved/Config/Windows/Scalability.ini]
[2019.07.22-18.01.54:369][  0]LogConfig: Setting CVar [[r.LightFunctionQuality:1]]
[2019.07.22-18.01.54:369][  0]LogConfig: Setting CVar [[r.ShadowQuality:5]]
[2019.07.22-18.01.54:370][  0]LogConfig: Setting CVar [[r.Shadow.CSM.MaxCascades:10]]
[2019.07.22-18.01.54:370][  0]LogConfig: Setting CVar [[r.Shadow.MaxResolution:2048]]
[2019.07.22-18.01.54:370][  0]LogConfig: Setting CVar [[r.Shadow.MaxCSMResolution:2048]]
[2019.07.22-18.01.54:370][  0]LogConfig: Setting CVar [[r.Shadow.RadiusThreshold:0.01]]
[2019.07.22-18.01.54:370][  0]LogConfig: Setting CVar [[r.Shadow.DistanceScale:1.0]]
[2019.07.22-18.01.54:370][  0]LogConfig: Setting CVar [[r.Shadow.CSM.TransitionScale:1.0]]
[2019.07.22-18.01.54:370][  0]LogConfig: Setting CVar [[r.Shadow.PreShadowResolutionFactor:1.0]]
[2019.07.22-18.01.54:370][  0]LogConfig: Setting CVar [[r.DistanceFieldShadowing:1]]
[2019.07.22-18.01.54:370][  0]LogConfig: Setting CVar [[r.DistanceFieldAO:1]]
[2019.07.22-18.01.54:370][  0]LogConfig: Setting CVar [[r.AOQuality:2]]
[2019.07.22-18.01.54:370][  0]LogConfig: Setting CVar [[r.VolumetricFog:1]]
[2019.07.22-18.01.54:370][  0]LogConfig: Setting CVar [[r.VolumetricFog.GridPixelSize:8]]
[2019.07.22-18.01.54:370][  0]LogConfig: Setting CVar [[r.VolumetricFog.GridSizeZ:128]]
[2019.07.22-18.01.54:370][  0]LogConfig: Setting CVar [[r.VolumetricFog.HistoryMissSupersampleCount:4]]
[2019.07.22-18.01.54:370][  0]LogConfig: Setting CVar [[r.LightMaxDrawDistanceScale:1]]
[2019.07.22-18.01.54:370][  0]LogConfig: Setting CVar [[r.CapsuleShadows:1]]
[2019.07.22-18.01.54:370][  0]LogConfig: Applying CVar settings from Section [PostProcessQuality@3] File [C:/Users/Leaf/Documents/repos/BuildingEscape/BuildingEscape02/Saved/Config/Windows/Scalability.ini]
[2019.07.22-18.01.54:370][  0]LogConfig: Setting CVar [[r.MotionBlurQuality:4]]
[2019.07.22-18.01.54:370][  0]LogConfig: Setting CVar [[r.AmbientOcclusionMipLevelFactor:0.4]]
[2019.07.22-18.01.54:370][  0]LogConfig: Setting CVar [[r.AmbientOcclusionMaxQuality:100]]
[2019.07.22-18.01.54:370][  0]LogConfig: Setting CVar [[r.AmbientOcclusionLevels:-1]]
[2019.07.22-18.01.54:370][  0]LogConfig: Setting CVar [[r.AmbientOcclusionRadiusScale:1.0]]
[2019.07.22-18.01.54:370][  0]LogConfig: Setting CVar [[r.DepthOfFieldQuality:2]]
[2019.07.22-18.01.54:370][  0]LogConfig: Setting CVar [[r.RenderTargetPoolMin:400]]
[2019.07.22-18.01.54:370][  0]LogConfig: Setting CVar [[r.LensFlareQuality:2]]
[2019.07.22-18.01.54:370][  0]LogConfig: Setting CVar [[r.SceneColorFringeQuality:1]]
[2019.07.22-18.01.54:370][  0]LogConfig: Setting CVar [[r.EyeAdaptationQuality:2]]
[2019.07.22-18.01.54:370][  0]LogConfig: Setting CVar [[r.BloomQuality:5]]
[2019.07.22-18.01.54:370][  0]LogConfig: Setting CVar [[r.FastBlurThreshold:100]]
[2019.07.22-18.01.54:370][  0]LogConfig: Setting CVar [[r.Upscale.Quality:3]]
[2019.07.22-18.01.54:370][  0]LogConfig: Setting CVar [[r.Tonemapper.GrainQuantization:1]]
[2019.07.22-18.01.54:370][  0]LogConfig: Setting CVar [[r.LightShaftQuality:1]]
[2019.07.22-18.01.54:370][  0]LogConfig: Setting CVar [[r.Filter.SizeScale:1]]
[2019.07.22-18.01.54:370][  0]LogConfig: Setting CVar [[r.Tonemapper.Quality:5]]
[2019.07.22-18.01.54:370][  0]LogConfig: Setting CVar [[r.DOF.Gather.AccumulatorQuality:1        ; higher gathering accumulator quality]]
[2019.07.22-18.01.54:370][  0]LogConfig: Setting CVar [[r.DOF.Gather.PostfilterMethod:1          ; Median3x3 postfilering method]]
[2019.07.22-18.01.54:370][  0]LogConfig: Setting CVar [[r.DOF.Gather.EnableBokehSettings:0       ; no bokeh simulation when gathering]]
[2019.07.22-18.01.54:370][  0]LogConfig: Setting CVar [[r.DOF.Gather.RingCount:4                 ; medium number of samples when gathering]]
[2019.07.22-18.01.54:370][  0]LogConfig: Setting CVar [[r.DOF.Scatter.ForegroundCompositing:1    ; additive foreground scattering]]
[2019.07.22-18.01.54:370][  0]LogConfig: Setting CVar [[r.DOF.Scatter.BackgroundCompositing:2    ; additive background scattering]]
[2019.07.22-18.01.54:370][  0]LogConfig: Setting CVar [[r.DOF.Scatter.EnableBokehSettings:1      ; bokeh simulation when scattering]]
[2019.07.22-18.01.54:370][  0]LogConfig: Setting CVar [[r.DOF.Scatter.MaxSpriteRatio:0.1         ; only a maximum of 10% of scattered bokeh]]
[2019.07.22-18.01.54:370][  0]LogConfig: Setting CVar [[r.DOF.Recombine.Quality:1                ; cheap slight out of focus]]
[2019.07.22-18.01.54:370][  0]LogConfig: Setting CVar [[r.DOF.Recombine.EnableBokehSettings:0    ; no bokeh simulation on slight out of focus]]
[2019.07.22-18.01.54:370][  0]LogConfig: Setting CVar [[r.DOF.TemporalAAQuality:1                ; more stable temporal accumulation]]
[2019.07.22-18.01.54:370][  0]LogConfig: Setting CVar [[r.DOF.Kernel.MaxForegroundRadius:0.025]]
[2019.07.22-18.01.54:370][  0]LogConfig: Setting CVar [[r.DOF.Kernel.MaxBackgroundRadius:0.025]]
[2019.07.22-18.01.54:370][  0]LogConfig: Applying CVar settings from Section [TextureQuality@3] File [C:/Users/Leaf/Documents/repos/BuildingEscape/BuildingEscape02/Saved/Config/Windows/Scalability.ini]
[2019.07.22-18.01.54:370][  0]LogConfig: Setting CVar [[r.Streaming.MipBias:0]]
[2019.07.22-18.01.54:370][  0]LogConfig: Setting CVar [[r.Streaming.AmortizeCPUToGPUCopy:0]]
[2019.07.22-18.01.54:370][  0]LogConfig: Setting CVar [[r.Streaming.MaxNumTexturesToStreamPerFrame:0]]
[2019.07.22-18.01.54:370][  0]LogConfig: Setting CVar [[r.Streaming.Boost:1]]
[2019.07.22-18.01.54:370][  0]LogConfig: Setting CVar [[r.MaxAnisotropy:8]]
[2019.07.22-18.01.54:370][  0]LogConfig: Setting CVar [[r.Streaming.LimitPoolSizeToVRAM:0]]
[2019.07.22-18.01.54:370][  0]LogConfig: Setting CVar [[r.Streaming.PoolSize:1000]]
[2019.07.22-18.01.54:370][  0]LogConfig: Setting CVar [[r.Streaming.MaxEffectiveScreenSize:0]]
[2019.07.22-18.01.54:370][  0]LogConfig: Applying CVar settings from Section [EffectsQuality@3] File [C:/Users/Leaf/Documents/repos/BuildingEscape/BuildingEscape02/Saved/Config/Windows/Scalability.ini]
[2019.07.22-18.01.54:370][  0]LogConfig: Setting CVar [[r.TranslucencyLightingVolumeDim:64]]
[2019.07.22-18.01.54:370][  0]LogConfig: Setting CVar [[r.RefractionQuality:2]]
[2019.07.22-18.01.54:370][  0]LogConfig: Setting CVar [[r.SSR.Quality:3]]
[2019.07.22-18.01.54:370][  0]LogConfig: Setting CVar [[r.SceneColorFormat:4]]
[2019.07.22-18.01.54:370][  0]LogConfig: Setting CVar [[r.DetailMode:2]]
[2019.07.22-18.01.54:370][  0]LogConfig: Setting CVar [[r.TranslucencyVolumeBlur:1]]
[2019.07.22-18.01.54:370][  0]LogConfig: Setting CVar [[r.MaterialQualityLevel:1 ; High quality]]
[2019.07.22-18.01.54:370][  0]LogConfig: Setting CVar [[r.SSS.Scale:1]]
[2019.07.22-18.01.54:370][  0]LogConfig: Setting CVar [[r.SSS.SampleSet:2]]
[2019.07.22-18.01.54:370][  0]LogConfig: Setting CVar [[r.SSS.Quality:1]]
[2019.07.22-18.01.54:370][  0]LogConfig: Setting CVar [[r.SSS.HalfRes:1]]
[2019.07.22-18.01.54:370][  0]LogConfig: Setting CVar [[r.EmitterSpawnRateScale:1.0]]
[2019.07.22-18.01.54:370][  0]LogConfig: Setting CVar [[r.ParticleLightQuality:2]]
[2019.07.22-18.01.54:370][  0]LogConfig: Applying CVar settings from Section [FoliageQuality@3] File [C:/Users/Leaf/Documents/repos/BuildingEscape/BuildingEscape02/Saved/Config/Windows/Scalability.ini]
[2019.07.22-18.01.54:370][  0]LogConfig: Setting CVar [[foliage.DensityScale:1.0]]
[2019.07.22-18.01.54:370][  0]LogConfig: Setting CVar [[grass.DensityScale:1.0]]
[2019.07.22-18.01.54:370][  0]LogConfig: Applying CVar settings from Section [Startup] File [../../../Engine/Config/ConsoleVariables.ini]
[2019.07.22-18.01.54:371][  0]LogConfig: Setting CVar [[net.UseAdaptiveNetUpdateFrequency:0]]
[2019.07.22-18.01.54:371][  0]LogConfig: Applying CVar settings from Section [ConsoleVariables] File [C:/Users/Leaf/Documents/repos/BuildingEscape/BuildingEscape02/Saved/Config/Windows/Engine.ini]
[2019.07.22-18.01.54:371][  0]LogInit: Computer: DESKTOP-M97SGGR
[2019.07.22-18.01.54:371][  0]LogInit: User: Leaf
[2019.07.22-18.01.54:371][  0]LogInit: CPU Page size=4096, Cores=4
[2019.07.22-18.01.54:371][  0]LogInit: High frequency timer resolution =2.742190 MHz
[2019.07.22-18.01.54:371][  0]LogMemory: Memory total: Physical=16.0GB (16GB approx)
[2019.07.22-18.01.54:371][  0]LogMemory: Platform Memory Stats for Windows
[2019.07.22-18.01.54:371][  0]LogMemory: Process Physical Memory: 102.05 MB used, 102.05 MB peak
[2019.07.22-18.01.54:371][  0]LogMemory: Process Virtual Memory: 91.58 MB used, 91.58 MB peak
[2019.07.22-18.01.54:371][  0]LogMemory: Physical Memory: 4821.62 MB used,  11515.34 MB free, 16336.96 MB total
[2019.07.22-18.01.54:371][  0]LogMemory: Virtual Memory: 4647.82 MB used,  134213080.00 MB free, 134217728.00 MB total
[2019.07.22-18.01.54:385][  0]LogInit: Using OS detected language (en-US).
[2019.07.22-18.01.54:385][  0]LogInit: Using OS detected locale (en-US).
[2019.07.22-18.01.54:386][  0]LogTextLocalizationManager: No specific localization for 'en-US' exists, so the 'en' localization will be used.
[2019.07.22-18.01.54:784][  0]LogStreaming: Display: Took  0.399s to InitEngineTextLocalization.
[2019.07.22-18.01.54:784][  0]LogInit: Setting process to per monitor DPI aware
[2019.07.22-18.01.54:825][  0]LogSlate: New Slate User Created.  User Index 0, Is Virtual User: 0
[2019.07.22-18.01.54:825][  0]LogSlate: Slate User Registered.  User Index 0, Is Virtual User: 0
[2019.07.22-18.01.54:987][  0]LogHMD: Failed to initialize OpenVR with code 110
[2019.07.22-18.01.54:987][  0]LogD3D11RHI: D3D11 adapters:
[2019.07.22-18.01.55:042][  0]LogD3D11RHI:    0. 'NVIDIA GeForce GTX 1060' (Feature Level 11_0)
[2019.07.22-18.01.55:042][  0]LogD3D11RHI:       6046/0/8168 MB DedicatedVideo/DedicatedSystem/SharedSystem, Outputs:1, VendorId:0x10de
[2019.07.22-18.01.55:043][  0]LogD3D11RHI:    1. 'Microsoft Basic Render Driver' (Feature Level 11_0)
[2019.07.22-18.01.55:043][  0]LogD3D11RHI:       0/0/8168 MB DedicatedVideo/DedicatedSystem/SharedSystem, Outputs:0, VendorId:0x1414
[2019.07.22-18.01.55:043][  0]LogD3D11RHI: Chosen D3D11 Adapter: 0
[2019.07.22-18.01.55:049][  0]LogD3D11RHI: Creating new Direct3DDevice
[2019.07.22-18.01.55:049][  0]LogD3D11RHI:     GPU DeviceId: 0x1c60 (for the marketing name, search the web for "GPU Device Id")
[2019.07.22-18.01.55:049][  0]LogWindows: EnumDisplayDevices:
[2019.07.22-18.01.55:049][  0]LogWindows:    0. 'NVIDIA GeForce GTX 1060' (P:1 D:1)
[2019.07.22-18.01.55:049][  0]LogWindows:    1. 'NVIDIA GeForce GTX 1060' (P:0 D:0)
[2019.07.22-18.01.55:049][  0]LogWindows:    2. 'NVIDIA GeForce GTX 1060' (P:0 D:0)
[2019.07.22-18.01.55:049][  0]LogWindows:    3. 'NVIDIA GeForce GTX 1060' (P:0 D:0)
[2019.07.22-18.01.55:050][  0]LogWindows: DebugString: FoundDriverCount:4 
[2019.07.22-18.01.55:050][  0]LogD3D11RHI:     Adapter Name: NVIDIA GeForce GTX 1060
[2019.07.22-18.01.55:050][  0]LogD3D11RHI:   Driver Version: 385.54 (internal:22.21.13.8554, unified:385.54)
[2019.07.22-18.01.55:050][  0]LogD3D11RHI:      Driver Date: 9-1-2017
[2019.07.22-18.01.55:050][  0]LogRHI: Texture pool is 4232 MB (70% of 6046 MB)
[2019.07.22-18.01.55:074][  0]LogD3D11RHI: Async texture creation enabled
[2019.07.22-18.01.55:086][  0]LogD3D11RHI: GPU Timing Frequency: 1000.000000 (Debug: 2 1)
[2019.07.22-18.01.55:391][  0]LogTemp: Display: Loaded TP AllDesktopTargetPlatform
[2019.07.22-18.01.55:403][  0]LogTemp: Display: Loaded TP MacClientTargetPlatform
[2019.07.22-18.01.55:414][  0]LogTemp: Display: Loaded TP MacNoEditorTargetPlatform
[2019.07.22-18.01.55:426][  0]LogTemp: Display: Loaded TP MacServerTargetPlatform
[2019.07.22-18.01.55:438][  0]LogTemp: Display: Loaded TP MacTargetPlatform
[2019.07.22-18.01.55:449][  0]LogTemp: Display: Loaded TP WindowsClientTargetPlatform
[2019.07.22-18.01.55:461][  0]LogTemp: Display: Loaded TP WindowsNoEditorTargetPlatform
[2019.07.22-18.01.55:473][  0]LogTemp: Display: Loaded TP WindowsServerTargetPlatform
[2019.07.22-18.01.55:478][  0]LogTemp: Display: Loaded TP WindowsTargetPlatform
[2019.07.22-18.01.55:546][  0]LogTemp: Display: Loaded TP AndroidTargetPlatform
[2019.07.22-18.01.55:546][  0]LogTemp: Display: Loaded TP AndroidTargetPlatform
[2019.07.22-18.01.55:546][  0]LogTemp: Display: Loaded TP AndroidTargetPlatform
[2019.07.22-18.01.55:546][  0]LogTemp: Display: Loaded TP AndroidTargetPlatform
[2019.07.22-18.01.55:546][  0]LogTemp: Display: Loaded TP AndroidTargetPlatform
[2019.07.22-18.01.55:546][  0]LogTemp: Display: Loaded TP AndroidTargetPlatform
[2019.07.22-18.01.55:546][  0]LogTemp: Display: Loaded TP AndroidTargetPlatform
[2019.07.22-18.01.55:546][  0]LogTemp: Display: Loaded TP AndroidTargetPlatform
[2019.07.22-18.01.55:546][  0]LogTemp: Display: Loaded TP AndroidTargetPlatform
[2019.07.22-18.01.55:546][  0]LogTemp: Display: Loaded TP AndroidTargetPlatform
[2019.07.22-18.01.55:546][  0]LogTemp: Display: Loaded TP AndroidTargetPlatform
[2019.07.22-18.01.55:546][  0]LogTemp: Display: Loaded TP AndroidTargetPlatform
[2019.07.22-18.01.55:546][  0]LogTemp: Display: Loaded TP AndroidTargetPlatform
[2019.07.22-18.01.55:546][  0]LogTemp: Display: Loaded TP AndroidTargetPlatform
[2019.07.22-18.01.55:546][  0]LogTemp: Display: Loaded TP AndroidTargetPlatform
[2019.07.22-18.01.55:546][  0]LogTemp: Display: Loaded TP AndroidTargetPlatform
[2019.07.22-18.01.55:546][  0]LogTemp: Display: Loaded TP AndroidTargetPlatform
[2019.07.22-18.01.55:546][  0]LogTemp: Display: Loaded TP AndroidTargetPlatform
[2019.07.22-18.01.55:547][  0]LogTemp: Display: Loaded TP HTML5TargetPlatform
[2019.07.22-18.01.55:603][  0]LogTemp: Display: Loaded TP IOSTargetPlatform
[2019.07.22-18.01.55:603][  0]LogTemp: Display: Loaded TP IOSTargetPlatform
[2019.07.22-18.01.55:623][  0]LogTemp: Display: Loaded TP TVOSTargetPlatform
[2019.07.22-18.01.55:623][  0]LogTemp: Display: Loaded TP TVOSTargetPlatform
[2019.07.22-18.01.55:633][  0]LogTemp: Display: Loaded TP LinuxClientTargetPlatform
[2019.07.22-18.01.55:643][  0]LogTemp: Display: Loaded TP LinuxNoEditorTargetPlatform
[2019.07.22-18.01.55:654][  0]LogTemp: Display: Loaded TP LinuxServerTargetPlatform
[2019.07.22-18.01.55:664][  0]LogTemp: Display: Loaded TP LinuxTargetPlatform
[2019.07.22-18.01.55:701][  0]LogTemp: Display: Loaded TP LuminTargetPlatform
[2019.07.22-18.01.55:701][  0]LogTemp: Display: Loaded TP LuminTargetPlatform
[2019.07.22-18.01.55:701][  0]LogTargetPlatformManager: Display: Building Assets For Windows
[2019.07.22-18.01.55:753][  0]LogShaderCompilers: Guid format shader working directory is -31 characters bigger than the processId version (../../../../../../Users/Leaf/Documents/repos/BuildingEscape/BuildingEscape02/Intermediate/Shaders/WorkingDirectory/6920/).
[2019.07.22-18.01.55:753][  0]LogShaderCompilers: Cleaned the shader compiler working directory 'C:/Users/Leaf/AppData/Local/Temp/UnrealShaderWorkingDir/482F4EAD4AA636FAE15D5FA64676E4FB/'.
[2019.07.22-18.01.55:755][  0]LogXGEController: Cannot use XGE Controller as Incredibuild is not installed on this machine.
[2019.07.22-18.01.55:755][  0]LogShaderCompilers: Cannot use XGE Shader Compiler as Incredibuild is not installed on this machine.
[2019.07.22-18.01.55:755][  0]LogShaderCompilers: Display: Using Local Shader Compiler.
[2019.07.22-18.01.56:235][  0]LogDerivedDataCache: Display: Max Cache Size: 512 MB
[2019.07.22-18.01.56:282][  0]LogDerivedDataCache: Loaded boot cache 0.05s 71MB C:/Users/Leaf/AppData/Local/UnrealEngine/4.21/DerivedDataCache/Boot.ddc.
[2019.07.22-18.01.56:282][  0]LogDerivedDataCache: Display: Loaded Boot cache: C:/Users/Leaf/AppData/Local/UnrealEngine/4.21/DerivedDataCache/Boot.ddc
[2019.07.22-18.01.56:282][  0]LogDerivedDataCache: FDerivedDataBackendGraph:  Pak pak cache file ../../../../../../Users/Leaf/Documents/repos/BuildingEscape/BuildingEscape02/DerivedDataCache/DDC.ddp not found, will not use a pak cache.
[2019.07.22-18.01.56:282][  0]LogDerivedDataCache: Unable to find inner node Pak for hierarchical cache Hierarchy.
[2019.07.22-18.01.56:282][  0]LogDerivedDataCache: FDerivedDataBackendGraph:  CompressedPak pak cache file ../../../../../../Users/Leaf/Documents/repos/BuildingEscape/BuildingEscape02/DerivedDataCache/Compressed.ddp not found, will not use a pak cache.
[2019.07.22-18.01.56:282][  0]LogDerivedDataCache: Unable to find inner node CompressedPak for hierarchical cache Hierarchy.
[2019.07.22-18.01.56:296][  0]LogDerivedDataCache: Display: Pak cache opened for reading ../../../Engine/DerivedDataCache/Compressed.ddp.
[2019.07.22-18.01.56:296][  0]LogDerivedDataCache: FDerivedDataBackendGraph:  EnterprisePak pak cache file ../../../Enterprise/DerivedDataCache/Compressed.ddp not found, will not use a pak cache.
[2019.07.22-18.01.56:296][  0]LogDerivedDataCache: Unable to find inner node EnterprisePak for hierarchical cache Hierarchy.
[2019.07.22-18.01.56:308][  0]LogDerivedDataCache: Using Local data cache path C:/Users/Leaf/AppData/Local/UnrealEngine/Common/DerivedDataCache: Writable
[2019.07.22-18.01.56:308][  0]LogDerivedDataCache: Shared data cache path not found in *engine.ini, will not use an Shared cache.
[2019.07.22-18.01.56:308][  0]LogDerivedDataCache: Unable to find inner node Shared for hierarchical cache Hierarchy.
[2019.07.22-18.01.56:331][  0]LogMaterial: Verifying Global Shaders for PCD3D_SM5
[2019.07.22-18.01.56:332][  0]LogSlate: Using FreeType 2.6.0
[2019.07.22-18.01.56:332][  0]LogSlate: SlateFontServices - WITH_FREETYPE: 1, WITH_HARFBUZZ: 1
[2019.07.22-18.01.56:411][  0]LogAssetRegistry: FAssetRegistry took 0.0323 seconds to start up
[2019.07.22-18.01.56:699][  0]LogInit: Selected Device Profile: [Windows]
[2019.07.22-18.01.56:838][  0]LogSimplygon: Simplygon DLL not present - disabling.
[2019.07.22-18.01.56:842][  0]LogMeshReduction: Using SimplygonSwarm for distributed automatic mesh merging
[2019.07.22-18.01.56:842][  0]LogMeshReduction: Using ProxyLODMeshReduction for automatic mesh merging
[2019.07.22-18.01.56:842][  0]LogMeshReduction: Using QuadricMeshReduction for automatic static mesh reduction
[2019.07.22-18.01.56:842][  0]LogMeshReduction: No automatic skeletal mesh reduction module available
[2019.07.22-18.01.56:855][  0]LogNetVersion: BuildingEscape02 1.0.0, NetCL: 4541578, EngineNetVer: 5, GameNetVer: 0 (Checksum: 2527621893)
[2019.07.22-18.01.57:300][  0]LogPackageLocalizationCache: Processed 11 localized package path(s) for 2 prioritized culture(s) in 0.053096 seconds
[2019.07.22-18.01.57:306][  0]LogUObjectArray: 39775 objects as part of root set at end of initial load.
[2019.07.22-18.01.57:306][  0]LogUObjectAllocator: 6914664 out of 0 bytes used by permanent object pool.
[2019.07.22-18.01.57:306][  0]LogUObjectArray: CloseDisregardForGC: 0/0 objects in disregard for GC pool
[2019.07.22-18.01.58:057][  0]LogTcpMessaging: Initializing TcpMessaging bridge
[2019.07.22-18.01.58:070][  0]LogUdpMessaging: Initializing bridge on interface 0.0.0.0:0 to multicast group 230.0.0.1:6666.
[2019.07.22-18.01.58:691][  0]SourceControl: Source control is disabled
[2019.07.22-18.01.58:691][  0]SourceControl: Source control is disabled
[2019.07.22-18.01.58:692][  0]SourceControl: Source control is disabled
[2019.07.22-18.01.58:693][  0]SourceControl: Source control is disabled
[2019.07.22-18.01.58:840][  0]LogAndroidPermission: UAndroidPermissionCallbackProxy::GetInstance
[2019.07.22-18.01.58:882][  0]LogOcInput: OculusInput pre-init called
[2019.07.22-18.01.59:011][  0]LogEngine: Initializing Engine...
[2019.07.22-18.01.59:012][  0]LogHMD: Failed to initialize OpenVR with code 110
[2019.07.22-18.01.59:013][  0]LogStats: UGameplayTagsManager::ConstructGameplayTagTree: ImportINI prefixes -  0.000 s
[2019.07.22-18.01.59:013][  0]LogStats: UGameplayTagsManager::ConstructGameplayTagTree: Construct from data asset -  0.000 s
[2019.07.22-18.01.59:013][  0]LogStats: UGameplayTagsManager::ConstructGameplayTagTree: ImportINI -  0.000 s
[2019.07.22-18.01.59:013][  0]LogStats: UGameplayTagsManager::ConstructGameplayTagTree: GameplayTagTreeChangedEvent.Broadcast -  0.000 s
[2019.07.22-18.01.59:232][  0]LogInit: Initializing FReadOnlyCVARCache
[2019.07.22-18.01.59:245][  0]LogAIModule: Creating AISystem for world Untitled
[2019.07.22-18.01.59:251][  0]LogInit: XAudio2 using 'Speakers (Realtek High Definition Audio)' : 2 channels at 48 kHz using 32 bits per sample (channel mask 0x3)
[2019.07.22-18.01.59:291][  0]LogInit: FAudioDevice initialized.
[2019.07.22-18.01.59:291][  0]LogNetVersion: Set ProjectVersion to 1.0.0.0. Version Checksum will be recalculated on next use.
[2019.07.22-18.01.59:466][  0]LogDerivedDataCache: Saved boot cache 0.17s 71MB C:/Users/Leaf/AppData/Local/UnrealEngine/4.21/DerivedDataCache/Boot.ddc.
[2019.07.22-18.01.59:489][  0]LogInit: Texture streaming: Enabled
[2019.07.22-18.01.59:508][  0]LogEngineSessionManager: EngineSessionManager initialized
[2019.07.22-18.01.59:521][  0]LogInit: Transaction tracking system initialized
[2019.07.22-18.01.59:551][  0]BlueprintLog: New page: Editor Load
[2019.07.22-18.01.59:632][  0]LocalizationService: Localization service is disabled
[2019.07.22-18.02.00:103][  0]LogFileCache: Scanning file cache for directory 'C:/Users/Leaf/Documents/repos/BuildingEscape/BuildingEscape02/Content/' took 0.01s
[2019.07.22-18.02.00:103][  0]LogCook: Display: Max memory allowance for cook 16384mb min free memory 0mb
[2019.07.22-18.02.00:103][  0]LogCook: Display: Mobile HDR setting 1
[2019.07.22-18.02.00:103][  0]LogGameplayTags: Display: UGameplayTagsManager::DoneAddingNativeTags. DelegateIsBound: 0
[2019.07.22-18.02.00:103][  0]LogStats: UGameplayTagsManager::ConstructGameplayTagTree: ImportINI prefixes -  0.000 s
[2019.07.22-18.02.00:103][  0]LogStats: UGameplayTagsManager::ConstructGameplayTagTree: Construct from data asset -  0.000 s
[2019.07.22-18.02.00:103][  0]LogStats: UGameplayTagsManager::ConstructGameplayTagTree: ImportINI -  0.000 s
[2019.07.22-18.02.00:104][  0]LogStats: UGameplayTagsManager::ConstructGameplayTagTree: GameplayTagTreeChangedEvent.Broadcast -  0.000 s
[2019.07.22-18.02.00:229][  0]SourceControl: Source control is disabled
[2019.07.22-18.02.00:229][  0]Cmd: MAP LOAD FILE="../../../../../../Users/Leaf/Documents/repos/BuildingEscape/BuildingEscape02/Content/NewMap.umap" TEMPLATE=0 SHOWPROGRESS=1 FEATURELEVEL=3
[2019.07.22-18.02.00:229][  0]LightingResults: New page: Lighting Build
[2019.07.22-18.02.00:232][  0]MapCheck: New page: Map Check
[2019.07.22-18.02.00:232][  0]LightingResults: New page: Lighting Build
[2019.07.22-18.02.00:454][  0]LogAIModule: Creating AISystem for world NewMap
[2019.07.22-18.02.00:460][  0]LogEditorServer: Finished looking for orphan Actors (0.000 secs)
[2019.07.22-18.02.00:482][  0]Cmd: MAP CHECKDEP NOCLEARLOG
[2019.07.22-18.02.00:482][  0]MapCheck: Map check complete: 0 Error(s), 0 Warning(s), took 0.123ms to complete.
[2019.07.22-18.02.00:483][  0]LogFileHelpers: Loading map 'NewMap' took 0.254
[2019.07.22-18.02.00:590][  0]LogSlate: Updating window title bar state: overlay mode, drag disabled, window buttons hidden, title bar hidden
[2019.07.22-18.02.00:598][  0]LogSlate: Updating window title bar state: overlay mode, drag disabled, window buttons hidden, title bar hidden
[2019.07.22-18.02.00:606][  0]LogSlate: Updating window title bar state: overlay mode, drag disabled, window buttons hidden, title bar hidden
[2019.07.22-18.02.00:612][  0]LogSlate: Updating window title bar state: overlay mode, drag disabled, window buttons hidden, title bar hidden
[2019.07.22-18.02.00:618][  0]LogCollectionManager: Loaded 0 collections in 0.001808 seconds
[2019.07.22-18.02.00:635][  0]LogFileCache: Scanning file cache for directory 'C:/Users/Leaf/Documents/repos/BuildingEscape/BuildingEscape02/Saved/Collections/' took 0.01s
[2019.07.22-18.02.00:635][  0]LogFileCache: Scanning file cache for directory 'C:/Users/Leaf/Documents/repos/BuildingEscape/BuildingEscape02/Content/Developers/Leaf/Collections/' took 0.00s
[2019.07.22-18.02.00:635][  0]LogFileCache: Scanning file cache for directory 'C:/Users/Leaf/Documents/repos/BuildingEscape/BuildingEscape02/Content/Collections/' took 0.00s
[2019.07.22-18.02.00:635][  0]LogCollectionManager: Rebuilt the GUID cache for 0 collections in 0.000000 seconds
[2019.07.22-18.02.00:645][  0]LogContentBrowser: Native class hierarchy populated in 0.0096 seconds. Added 2657 classes and 624 folders.
[2019.07.22-18.02.00:652][  0]LogContentBrowser: Native class hierarchy updated for 'WidgetCarousel' in 0.0005 seconds. Added 0 classes and 0 folders.
[2019.07.22-18.02.00:654][  0]LogPakFile: Registered encryption key '00000000000000000000000000000000': 0 pak files mounted, 0 remain pending
[2019.07.22-18.02.00:654][  0]LogPakFile: Registered encryption key '00000000000000000000000000000000': 0 pak files mounted, 0 remain pending
[2019.07.22-18.02.00:655][  0]LogPakFile: Registered encryption key '00000000000000000000000000000000': 0 pak files mounted, 0 remain pending
[2019.07.22-18.02.00:655][  0]LogPakFile: Registered encryption key '00000000000000000000000000000000': 0 pak files mounted, 0 remain pending
[2019.07.22-18.02.00:655][  0]LogPakFile: Registered encryption key '00000000000000000000000000000000': 0 pak files mounted, 0 remain pending
[2019.07.22-18.02.00:656][  0]LogPakFile: Registered encryption key '00000000000000000000000000000000': 0 pak files mounted, 0 remain pending
[2019.07.22-18.02.00:656][  0]LogPakFile: Registered encryption key '00000000000000000000000000000000': 0 pak files mounted, 0 remain pending
[2019.07.22-18.02.00:656][  0]LogPakFile: Registered encryption key '00000000000000000000000000000000': 0 pak files mounted, 0 remain pending
[2019.07.22-18.02.00:657][  0]LogPakFile: Registered encryption key '00000000000000000000000000000000': 0 pak files mounted, 0 remain pending
[2019.07.22-18.02.00:657][  0]LogPakFile: Registered encryption key '00000000000000000000000000000000': 0 pak files mounted, 0 remain pending
[2019.07.22-18.02.00:657][  0]LogPakFile: Registered encryption key '00000000000000000000000000000000': 0 pak files mounted, 0 remain pending
[2019.07.22-18.02.00:658][  0]LogPakFile: Registered encryption key '00000000000000000000000000000000': 0 pak files mounted, 0 remain pending
[2019.07.22-18.02.00:658][  0]LogPakFile: Registered encryption key '00000000000000000000000000000000': 0 pak files mounted, 0 remain pending
[2019.07.22-18.02.00:658][  0]LogPakFile: Registered encryption key '00000000000000000000000000000000': 0 pak files mounted, 0 remain pending
[2019.07.22-18.02.00:659][  0]LogPakFile: Registered encryption key '00000000000000000000000000000000': 0 pak files mounted, 0 remain pending
[2019.07.22-18.02.00:659][  0]LogPakFile: Registered encryption key '00000000000000000000000000000000': 0 pak files mounted, 0 remain pending
[2019.07.22-18.02.00:660][  0]LogPakFile: Registered encryption key '00000000000000000000000000000000': 0 pak files mounted, 0 remain pending
[2019.07.22-18.02.00:660][  0]LogPakFile: Registered encryption key '00000000000000000000000000000000': 0 pak files mounted, 0 remain pending
[2019.07.22-18.02.00:660][  0]LogPakFile: Registered encryption key '00000000000000000000000000000000': 0 pak files mounted, 0 remain pending
[2019.07.22-18.02.00:661][  0]LogPakFile: Registered encryption key '00000000000000000000000000000000': 0 pak files mounted, 0 remain pending
[2019.07.22-18.02.00:661][  0]LogPakFile: Registered encryption key '00000000000000000000000000000000': 0 pak files mounted, 0 remain pending
[2019.07.22-18.02.00:662][  0]LogPakFile: Registered encryption key '00000000000000000000000000000000': 0 pak files mounted, 0 remain pending
[2019.07.22-18.02.00:663][  0]LogPakFile: Registered encryption key '00000000000000000000000000000000': 0 pak files mounted, 0 remain pending
[2019.07.22-18.02.00:663][  0]LogPakFile: Registered encryption key '00000000000000000000000000000000': 0 pak files mounted, 0 remain pending
[2019.07.22-18.02.00:663][  0]LogPakFile: Registered encryption key '00000000000000000000000000000000': 0 pak files mounted, 0 remain pending
[2019.07.22-18.02.00:664][  0]LogPakFile: Registered encryption key '00000000000000000000000000000000': 0 pak files mounted, 0 remain pending
[2019.07.22-18.02.00:695][  0]LogContentBrowser: Native class hierarchy updated for 'AddContentDialog' in 0.0005 seconds. Added 0 classes and 0 folders.
[2019.07.22-18.02.00:731][  0]LogContentBrowser: Native class hierarchy updated for 'HierarchicalLODOutliner' in 0.0003 seconds. Added 0 classes and 0 folders.
[2019.07.22-18.02.00:731][  0]LogLoad: (Engine Initialization) Total time: 7.86 seconds
[2019.07.22-18.02.00:731][  0]LogLoad: (Engine Initialization) Total Blueprint compile time: 0.00 seconds
[2019.07.22-18.02.00:751][  0]LogWindowsTextInputMethodSystem: Display: IME system now deactivated.
[2019.07.22-18.02.00:810][  0]LogContentStreaming: Texture pool size now 1000 MB
[2019.07.22-18.02.00:812][  0]LogSlate: Took 0.000223 seconds to synchronously load lazily loaded font '../../../Engine/Content/Slate/Fonts/Roboto-Regular.ttf' (155K)
[2019.07.22-18.02.00:815][  0]LogSlate: Took 0.000109 seconds to synchronously load lazily loaded font '../../../Engine/Content/Slate/Fonts/Roboto-Bold.ttf' (160K)
[2019.07.22-18.02.00:817][  0]LogSlate: Took 0.000079 seconds to synchronously load lazily loaded font '../../../Engine/Content/Editor/Slate/Fonts/FontAwesome.ttf' (139K)
[2019.07.22-18.02.00:893][  0]LogSlate: Took 0.000139 seconds to synchronously load lazily loaded font '../../../Engine/Content/Slate/Fonts/Roboto-Light.ttf' (167K)
[2019.07.22-18.02.00:922][  1]LogRenderer: Reallocating scene render targets to support 708x408 Format 10 NumSamples 1 (Frame:1).
[2019.07.22-18.02.00:922][  1]LogAssetRegistry: Asset discovery search completed in 4.5340 seconds
[2019.07.22-18.02.00:924][  1]LogCollectionManager: Rebuilt the object cache for 0 collections in 0.000000 seconds (found 0 objects)
[2019.07.22-18.02.00:924][  1]LogCollectionManager: Fixed up redirectors for 0 collections in 0.000077 seconds (updated 0 objects)
[2019.07.22-18.04.03:699][341]LogRenderer: Reallocating scene render targets to support 736x484 Format 10 NumSamples 1 (Frame:7342).
[2019.07.22-18.04.25:889][617]LogSlate: FSceneViewport::OnFocusLost() reason 0
[2019.07.22-18.07.32:300][ 85]LogSlate: FSceneViewport::OnFocusLost() reason 0
[2019.07.22-18.07.47:134][969]LogSlate: FSceneViewport::OnFocusLost() reason 2
[2019.07.22-18.07.48:220][ 34]LogSlate: FSceneViewport::OnFocusLost() reason 2
[2019.07.22-18.07.48:557][ 54]LogSlate: FSceneViewport::OnFocusLost() reason 2
[2019.07.22-18.07.56:903][554]LogEditorViewport: Clicking on Actor (context menu): StaticMeshActor (Floor)
[2019.07.22-18.07.56:960][554]LogSlate: FSceneViewport::OnFocusLost() reason 2
[2019.07.22-18.08.02:217][869]LogEditorViewport: Clicking on Actor (LMB): StaticMeshActor (SM_Chair)
[2019.07.22-18.08.04:010][975]LogSlate: FSceneViewport::OnFocusLost() reason 0
[2019.07.22-18.08.17:357][772]LogSlate: FSceneViewport::OnFocusLost() reason 2
[2019.07.22-18.08.18:305][829]LogTemp: Repeating last play command: Selected Viewport
[2019.07.22-18.08.18:313][829]LogBlueprintUserMessages: Early PlayInEditor Detection: Level '/Game/NewMap.NewMap:PersistentLevel' has LevelScriptBlueprint '/Game/NewMap.NewMap:PersistentLevel.NewMap' with GeneratedClass '/Game/NewMap.NewMap_C' with ClassGeneratedBy '/Game/NewMap.NewMap:PersistentLevel.NewMap'
[2019.07.22-18.08.18:313][829]LogPlayLevel: PlayLevel: No blueprints needed recompiling
[2019.07.22-18.08.18:313][829]PIE: New page: PIE session: NewMap (Jul 22, 2019, 10:08:18 PM)
[2019.07.22-18.08.18:326][829]LogPlayLevel: Creating play world package: /Game/UEDPIE_0_NewMap
[2019.07.22-18.08.18:331][829]LogPlayLevel: PIE: StaticDuplicateObject took: (0.005034s)
[2019.07.22-18.08.18:332][829]LogAIModule: Creating AISystem for world NewMap
[2019.07.22-18.08.18:333][829]LogPlayLevel: PIE: World Init took: (0.001079s)
[2019.07.22-18.08.18:333][829]LogPlayLevel: PIE: Created PIE world by copying editor world from /Game/NewMap.NewMap to /Game/UEDPIE_0_NewMap.NewMap (0.006508s)
[2019.07.22-18.08.18:359][829]LogInit: XAudio2 using 'Speakers (Realtek High Definition Audio)' : 2 channels at 48 kHz using 32 bits per sample (channel mask 0x3)
[2019.07.22-18.08.18:401][829]LogInit: FAudioDevice initialized.
[2019.07.22-18.08.18:402][829]LogSlate: FSceneViewport::OnFocusLost() reason 2
[2019.07.22-18.08.18:456][829]LogLoad: Game class is 'BuildingEscape02_BP_C'
[2019.07.22-18.08.18:458][829]LogWorld: Bringing World /Game/UEDPIE_0_NewMap.NewMap up for play (max tick rate 60) at 2019.07.22-20.08.18
[2019.07.22-18.08.18:459][829]LogWorld: Bringing up level for play took: 0.001123
[2019.07.22-18.08.18:476][829]LogContentBrowser: Native class hierarchy updated for 'MovieSceneCapture' in 0.0005 seconds. Added 20 classes and 0 folders.
[2019.07.22-18.08.18:477][829]LogTemp: Warning: Position report on SM_Chair_2 at location X=423.000 Y=266.000 Z=21.000
[2019.07.22-18.08.18:477][829]LogTemp: Warning: Grabbing is here!
[2019.07.22-18.08.18:477][829]PIE: Play in editor start time for /Game/UEDPIE_0_NewMap 0.352
[2019.07.22-18.08.18:477][829]LogBlueprintUserMessages: Late PlayInEditor Detection: Level '/Game/NewMap.NewMap:PersistentLevel' has LevelScriptBlueprint '/Game/NewMap.NewMap:PersistentLevel.NewMap' with GeneratedClass '/Game/NewMap.NewMap_C' with ClassGeneratedBy '/Game/NewMap.NewMap:PersistentLevel.NewMap'
[2019.07.22-18.08.29:944][516]LogBlueprintUserMessages: Early EndPlayMap Detection: Level '/Game/NewMap.NewMap:PersistentLevel' has LevelScriptBlueprint '/Game/NewMap.NewMap:PersistentLevel.NewMap' with GeneratedClass '/Game/NewMap.NewMap_C' with ClassGeneratedBy '/Game/NewMap.NewMap:PersistentLevel.NewMap'
[2019.07.22-18.08.29:944][516]LogSlate: Updating window title bar state: overlay mode, drag disabled, window buttons hidden, title bar hidden
[2019.07.22-18.08.29:977][516]LogPlayLevel: Display: Shutting down PIE online subsystems
[2019.07.22-18.08.29:977][516]LogBlueprintUserMessages: Late EndPlayMap Detection: Level '/Game/NewMap.NewMap:PersistentLevel' has LevelScriptBlueprint '/Game/NewMap.NewMap:PersistentLevel.NewMap' with GeneratedClass '/Game/NewMap.NewMap_C' with ClassGeneratedBy '/Game/NewMap.NewMap:PersistentLevel.NewMap'
[2019.07.22-18.08.30:002][516]LogSlate: Updating window title bar state: overlay mode, drag disabled, window buttons hidden, title bar hidden
[2019.07.22-18.08.30:050][519]LogPlayLevel: Display: Destroying online subsystem :Context_3
[2019.07.22-18.09.57:042][737]LogSlate: FSceneViewport::OnFocusLost() reason 2
[2019.07.22-18.10.00:624][952]LogEditorViewport: Clicking on Actor (context menu): StaticMeshActor (Wall_400x301)
[2019.07.22-18.10.00:671][952]LogSlate: FSceneViewport::OnFocusLost() reason 2
[2019.07.22-18.10.32:528][860]LogEditorViewport: Clicking on Actor (context menu): StaticMeshActor (Wall_Door_400x300)
[2019.07.22-18.10.32:572][860]LogSlate: FSceneViewport::OnFocusLost() reason 2
[2019.07.22-18.11.26:961][120]LogEditorViewport: Clicking on Actor (LMB): StaticMeshActor (SM_Chair)
[2019.07.22-18.11.29:011][239]LogSlate: FSceneViewport::OnFocusLost() reason 0
[2019.07.22-18.11.48:780][425]LogEditorViewport: Clicking on Actor (LMB): StaticMeshActor (Floor)
[2019.07.22-18.11.50:182][507]LogEditorViewport: Clicking on Actor (LMB): StaticMeshActor (SM_Chair)
[2019.07.22-18.12.09:614][668]LogSlate: FSceneViewport::OnFocusLost() reason 0
[2019.07.22-18.12.16:648][ 90]LogEditorViewport: Clicking on Actor (LMB): StaticMeshActor (SM_Door)
[2019.07.22-18.12.18:007][169]LogEditorViewport: Clicking on Actor (LMB): StaticMeshActor (SM_Door2)
[2019.07.22-18.12.28:257][781]LogEditorViewport: Clicking on Actor (LMB): StaticMeshActor (SM_Chair)
[2019.07.22-18.12.30:400][907]LogSlate: FSceneViewport::OnFocusLost() reason 2
[2019.07.22-18.12.53:874][315]LogEditorViewport: Clicking on Actor (context menu): StaticMeshActor (Floor)
[2019.07.22-18.12.53:909][315]LogSlate: FSceneViewport::OnFocusLost() reason 2
[2019.07.22-18.12.55:674][420]LogEditorViewport: Clicking on Actor (LMB): StaticMeshActor (Floor)
[2019.07.22-18.13.09:083][224]Cmd: SELECT NONE
[2019.07.22-18.13.11:565][373]LogEditorViewport: Clicking on Actor (LMB): StaticMeshActor (SM_Chair)
[2019.07.22-18.13.53:195][868]LogSlate: FSceneViewport::OnFocusLost() reason 0
[2019.07.22-18.14.03:505][386]LogSlate: Only BGRA pngs, bmps or icos are supported in by External Image Picker
[2019.07.22-18.14.03:588][387]LogTemp: Executing iPhonePackager certificates Engine -bundlename com.YourCompany.BuildingEscape02
[2019.07.22-18.14.03:588][387]LogTemp: CWD: C:\Program Files\Epic Games\UE_4.21\Engine\Binaries\DotNET\IOS
[2019.07.22-18.14.03:588][387]LogTemp: Initial Dir: C:\Program Files\Epic Games\UE_4.21
[2019.07.22-18.14.03:588][387]LogTemp: Env CWD: C:\Program Files\Epic Games\UE_4.21\Engine\Binaries\DotNET\IOS
[2019.07.22-18.14.03:588][387]LogTemp: BranchPath = DESKTOP-M97SGGR/C/Program Files/Epic Games/UE_4.21/Engine/Binaries --- GameBranchPath = DESKTOP-M97SGGR/C/Program Files/Epic Games/UE_4.21/Engine/Binaries
[2019.07.22-18.14.03:610][388]LogTemp: IPP ERROR: Could not find provision directory 'C:\Users\Leaf\AppData\Local/Apple Computer/MobileDevice/Provisioning Profiles/'.
[2019.07.22-18.14.13:769][987]LogSlate: Window 'Project Settings' being destroyed
[2019.07.22-18.14.13:775][987]LogSlate: Window 'Project Settings' being destroyed
[2019.07.22-18.15.29:516][881]LogSlate: Took 0.000170 seconds to synchronously load lazily loaded font '../../../Engine/Content/Slate/Fonts/Roboto-Light.ttf' (167K)
[2019.07.22-18.15.38:701][908]LogSavePackage: Moving '../../../../../../Users/Leaf/Documents/repos/BuildingEscape/BuildingEscape02/Saved/NewMap_Auto1F539B48F412B60F3AD18C49B9757F8B0.tmp' to '../../../../../../Users/Leaf/Documents/repos/BuildingEscape/BuildingEscape02/Saved/Autosaves/Game/NewMap_Auto1.umap'
[2019.07.22-18.15.38:703][908]LogFileHelpers: Editor autosave (incl. sublevels) for '/Game/NewMap' took 0.118
[2019.07.22-18.15.38:703][908]LogFileHelpers: Editor autosave (incl. sublevels) for all levels took 0.118
[2019.07.22-19.13.22:421][909]LogSlate: Took 0.000170 seconds to synchronously load lazily loaded font '../../../Engine/Content/Slate/Fonts/DroidSansMono.ttf' (77K)
[2019.07.22-19.13.28:543][273]LogAssetEditorManager: Opening Asset editor for Class /Script/BuildingEscape02.Grabber
